[35m[1mScanning dependencies of target _rosserial_msgs_generate_messages_check_deps_RequestMessageInfo[0m
[  0%] Built target _rosserial_msgs_generate_messages_check_deps_RequestMessageInfo
[35m[1mScanning dependencies of target _rosserial_msgs_generate_messages_check_deps_RequestParam[0m
[35m[1mScanning dependencies of target _rosserial_msgs_generate_messages_check_deps_Log[0m
[35m[1mScanning dependencies of target _rosserial_msgs_generate_messages_check_deps_RequestServiceInfo[0m
[  0%] Built target _rosserial_msgs_generate_messages_check_deps_Log
[35m[1mScanning dependencies of target _rosserial_msgs_generate_messages_check_deps_TopicInfo[0m
[  0%] Built target _rosserial_msgs_generate_messages_check_deps_RequestParam
[  0%] Built target _rosserial_msgs_generate_messages_check_deps_RequestServiceInfo
[  0%] Built target _rosserial_msgs_generate_messages_check_deps_TopicInfo
[35m[1mScanning dependencies of target rosserial_msgs_generate_messages_py[0m
[ 25%] Built target rosserial_msgs_generate_messages_py
[35m[1mScanning dependencies of target rosserial_msgs_generate_messages_eus[0m
[ 46%] Built target rosserial_msgs_generate_messages_eus
[35m[1mScanning dependencies of target rosserial_msgs_generate_messages_nodejs[0m
[35m[1mScanning dependencies of target rosserial_msgs_generate_messages_cpp[0m
[ 64%] Built target rosserial_msgs_generate_messages_nodejs
[35m[1mScanning dependencies of target rosserial_msgs_generate_messages_lisp[0m
[ 82%] Built target rosserial_msgs_generate_messages_cpp
[100%] Built target rosserial_msgs_generate_messages_lisp
[35m[1mScanning dependencies of target rosserial_msgs_generate_messages[0m
[100%] Built target rosserial_msgs_generate_messages
