Linked: (/home/hongxu/agbot_deploy/devel/.private/rosserial_msgs/lib/pkgconfig/rosserial_msgs.pc, /home/hongxu/agbot_deploy/devel/lib/pkgconfig/rosserial_msgs.pc)
Linked: (/home/hongxu/agbot_deploy/devel/.private/rosserial_msgs/lib/python2.7/dist-packages/rosserial_msgs/__init__.py, /home/hongxu/agbot_deploy/devel/lib/python2.7/dist-packages/rosserial_msgs/__init__.py)
Linked: (/home/hongxu/agbot_deploy/devel/.private/rosserial_msgs/lib/python2.7/dist-packages/rosserial_msgs/msg/_TopicInfo.py, /home/hongxu/agbot_deploy/devel/lib/python2.7/dist-packages/rosserial_msgs/msg/_TopicInfo.py)
Linked: (/home/hongxu/agbot_deploy/devel/.private/rosserial_msgs/lib/python2.7/dist-packages/rosserial_msgs/msg/_Log.py, /home/hongxu/agbot_deploy/devel/lib/python2.7/dist-packages/rosserial_msgs/msg/_Log.py)
Linked: (/home/hongxu/agbot_deploy/devel/.private/rosserial_msgs/lib/python2.7/dist-packages/rosserial_msgs/msg/__init__.py, /home/hongxu/agbot_deploy/devel/lib/python2.7/dist-packages/rosserial_msgs/msg/__init__.py)
Linked: (/home/hongxu/agbot_deploy/devel/.private/rosserial_msgs/lib/python2.7/dist-packages/rosserial_msgs/srv/_RequestParam.py, /home/hongxu/agbot_deploy/devel/lib/python2.7/dist-packages/rosserial_msgs/srv/_RequestParam.py)
Linked: (/home/hongxu/agbot_deploy/devel/.private/rosserial_msgs/lib/python2.7/dist-packages/rosserial_msgs/srv/_RequestServiceInfo.py, /home/hongxu/agbot_deploy/devel/lib/python2.7/dist-packages/rosserial_msgs/srv/_RequestServiceInfo.py)
Linked: (/home/hongxu/agbot_deploy/devel/.private/rosserial_msgs/lib/python2.7/dist-packages/rosserial_msgs/srv/_RequestMessageInfo.py, /home/hongxu/agbot_deploy/devel/lib/python2.7/dist-packages/rosserial_msgs/srv/_RequestMessageInfo.py)
Linked: (/home/hongxu/agbot_deploy/devel/.private/rosserial_msgs/lib/python2.7/dist-packages/rosserial_msgs/srv/__init__.py, /home/hongxu/agbot_deploy/devel/lib/python2.7/dist-packages/rosserial_msgs/srv/__init__.py)
Linked: (/home/hongxu/agbot_deploy/devel/.private/rosserial_msgs/share/common-lisp/ros/rosserial_msgs/msg/TopicInfo.lisp, /home/hongxu/agbot_deploy/devel/share/common-lisp/ros/rosserial_msgs/msg/TopicInfo.lisp)
Linked: (/home/hongxu/agbot_deploy/devel/.private/rosserial_msgs/share/common-lisp/ros/rosserial_msgs/msg/rosserial_msgs-msg.asd, /home/hongxu/agbot_deploy/devel/share/common-lisp/ros/rosserial_msgs/msg/rosserial_msgs-msg.asd)
Linked: (/home/hongxu/agbot_deploy/devel/.private/rosserial_msgs/share/common-lisp/ros/rosserial_msgs/msg/_package.lisp, /home/hongxu/agbot_deploy/devel/share/common-lisp/ros/rosserial_msgs/msg/_package.lisp)
Linked: (/home/hongxu/agbot_deploy/devel/.private/rosserial_msgs/share/common-lisp/ros/rosserial_msgs/msg/_package_Log.lisp, /home/hongxu/agbot_deploy/devel/share/common-lisp/ros/rosserial_msgs/msg/_package_Log.lisp)
Linked: (/home/hongxu/agbot_deploy/devel/.private/rosserial_msgs/share/common-lisp/ros/rosserial_msgs/msg/_package_TopicInfo.lisp, /home/hongxu/agbot_deploy/devel/share/common-lisp/ros/rosserial_msgs/msg/_package_TopicInfo.lisp)
Linked: (/home/hongxu/agbot_deploy/devel/.private/rosserial_msgs/share/common-lisp/ros/rosserial_msgs/msg/Log.lisp, /home/hongxu/agbot_deploy/devel/share/common-lisp/ros/rosserial_msgs/msg/Log.lisp)
Linked: (/home/hongxu/agbot_deploy/devel/.private/rosserial_msgs/share/common-lisp/ros/rosserial_msgs/srv/rosserial_msgs-srv.asd, /home/hongxu/agbot_deploy/devel/share/common-lisp/ros/rosserial_msgs/srv/rosserial_msgs-srv.asd)
Linked: (/home/hongxu/agbot_deploy/devel/.private/rosserial_msgs/share/common-lisp/ros/rosserial_msgs/srv/_package.lisp, /home/hongxu/agbot_deploy/devel/share/common-lisp/ros/rosserial_msgs/srv/_package.lisp)
Linked: (/home/hongxu/agbot_deploy/devel/.private/rosserial_msgs/share/common-lisp/ros/rosserial_msgs/srv/_package_RequestMessageInfo.lisp, /home/hongxu/agbot_deploy/devel/share/common-lisp/ros/rosserial_msgs/srv/_package_RequestMessageInfo.lisp)
Linked: (/home/hongxu/agbot_deploy/devel/.private/rosserial_msgs/share/common-lisp/ros/rosserial_msgs/srv/_package_RequestParam.lisp, /home/hongxu/agbot_deploy/devel/share/common-lisp/ros/rosserial_msgs/srv/_package_RequestParam.lisp)
Linked: (/home/hongxu/agbot_deploy/devel/.private/rosserial_msgs/share/common-lisp/ros/rosserial_msgs/srv/RequestParam.lisp, /home/hongxu/agbot_deploy/devel/share/common-lisp/ros/rosserial_msgs/srv/RequestParam.lisp)
Linked: (/home/hongxu/agbot_deploy/devel/.private/rosserial_msgs/share/common-lisp/ros/rosserial_msgs/srv/_package_RequestServiceInfo.lisp, /home/hongxu/agbot_deploy/devel/share/common-lisp/ros/rosserial_msgs/srv/_package_RequestServiceInfo.lisp)
Linked: (/home/hongxu/agbot_deploy/devel/.private/rosserial_msgs/share/common-lisp/ros/rosserial_msgs/srv/RequestMessageInfo.lisp, /home/hongxu/agbot_deploy/devel/share/common-lisp/ros/rosserial_msgs/srv/RequestMessageInfo.lisp)
Linked: (/home/hongxu/agbot_deploy/devel/.private/rosserial_msgs/share/common-lisp/ros/rosserial_msgs/srv/RequestServiceInfo.lisp, /home/hongxu/agbot_deploy/devel/share/common-lisp/ros/rosserial_msgs/srv/RequestServiceInfo.lisp)
Linked: (/home/hongxu/agbot_deploy/devel/.private/rosserial_msgs/share/gennodejs/ros/rosserial_msgs/_index.js, /home/hongxu/agbot_deploy/devel/share/gennodejs/ros/rosserial_msgs/_index.js)
Linked: (/home/hongxu/agbot_deploy/devel/.private/rosserial_msgs/share/gennodejs/ros/rosserial_msgs/msg/_index.js, /home/hongxu/agbot_deploy/devel/share/gennodejs/ros/rosserial_msgs/msg/_index.js)
Linked: (/home/hongxu/agbot_deploy/devel/.private/rosserial_msgs/share/gennodejs/ros/rosserial_msgs/msg/Log.js, /home/hongxu/agbot_deploy/devel/share/gennodejs/ros/rosserial_msgs/msg/Log.js)
Linked: (/home/hongxu/agbot_deploy/devel/.private/rosserial_msgs/share/gennodejs/ros/rosserial_msgs/msg/TopicInfo.js, /home/hongxu/agbot_deploy/devel/share/gennodejs/ros/rosserial_msgs/msg/TopicInfo.js)
Linked: (/home/hongxu/agbot_deploy/devel/.private/rosserial_msgs/share/gennodejs/ros/rosserial_msgs/srv/RequestServiceInfo.js, /home/hongxu/agbot_deploy/devel/share/gennodejs/ros/rosserial_msgs/srv/RequestServiceInfo.js)
Linked: (/home/hongxu/agbot_deploy/devel/.private/rosserial_msgs/share/gennodejs/ros/rosserial_msgs/srv/RequestMessageInfo.js, /home/hongxu/agbot_deploy/devel/share/gennodejs/ros/rosserial_msgs/srv/RequestMessageInfo.js)
Linked: (/home/hongxu/agbot_deploy/devel/.private/rosserial_msgs/share/gennodejs/ros/rosserial_msgs/srv/RequestParam.js, /home/hongxu/agbot_deploy/devel/share/gennodejs/ros/rosserial_msgs/srv/RequestParam.js)
Linked: (/home/hongxu/agbot_deploy/devel/.private/rosserial_msgs/share/gennodejs/ros/rosserial_msgs/srv/_index.js, /home/hongxu/agbot_deploy/devel/share/gennodejs/ros/rosserial_msgs/srv/_index.js)
Linked: (/home/hongxu/agbot_deploy/devel/.private/rosserial_msgs/share/rosserial_msgs/cmake/rosserial_msgs-msg-extras.cmake, /home/hongxu/agbot_deploy/devel/share/rosserial_msgs/cmake/rosserial_msgs-msg-extras.cmake)
Linked: (/home/hongxu/agbot_deploy/devel/.private/rosserial_msgs/share/rosserial_msgs/cmake/rosserial_msgsConfig-version.cmake, /home/hongxu/agbot_deploy/devel/share/rosserial_msgs/cmake/rosserial_msgsConfig-version.cmake)
Linked: (/home/hongxu/agbot_deploy/devel/.private/rosserial_msgs/share/rosserial_msgs/cmake/rosserial_msgsConfig.cmake, /home/hongxu/agbot_deploy/devel/share/rosserial_msgs/cmake/rosserial_msgsConfig.cmake)
Linked: (/home/hongxu/agbot_deploy/devel/.private/rosserial_msgs/share/rosserial_msgs/cmake/rosserial_msgs-msg-paths.cmake, /home/hongxu/agbot_deploy/devel/share/rosserial_msgs/cmake/rosserial_msgs-msg-paths.cmake)
Linked: (/home/hongxu/agbot_deploy/devel/.private/rosserial_msgs/share/roseus/ros/rosserial_msgs/manifest.l, /home/hongxu/agbot_deploy/devel/share/roseus/ros/rosserial_msgs/manifest.l)
Linked: (/home/hongxu/agbot_deploy/devel/.private/rosserial_msgs/share/roseus/ros/rosserial_msgs/msg/TopicInfo.l, /home/hongxu/agbot_deploy/devel/share/roseus/ros/rosserial_msgs/msg/TopicInfo.l)
Linked: (/home/hongxu/agbot_deploy/devel/.private/rosserial_msgs/share/roseus/ros/rosserial_msgs/msg/Log.l, /home/hongxu/agbot_deploy/devel/share/roseus/ros/rosserial_msgs/msg/Log.l)
Linked: (/home/hongxu/agbot_deploy/devel/.private/rosserial_msgs/share/roseus/ros/rosserial_msgs/srv/RequestServiceInfo.l, /home/hongxu/agbot_deploy/devel/share/roseus/ros/rosserial_msgs/srv/RequestServiceInfo.l)
Linked: (/home/hongxu/agbot_deploy/devel/.private/rosserial_msgs/share/roseus/ros/rosserial_msgs/srv/RequestMessageInfo.l, /home/hongxu/agbot_deploy/devel/share/roseus/ros/rosserial_msgs/srv/RequestMessageInfo.l)
Linked: (/home/hongxu/agbot_deploy/devel/.private/rosserial_msgs/share/roseus/ros/rosserial_msgs/srv/RequestParam.l, /home/hongxu/agbot_deploy/devel/share/roseus/ros/rosserial_msgs/srv/RequestParam.l)
Linked: (/home/hongxu/agbot_deploy/devel/.private/rosserial_msgs/include/rosserial_msgs/RequestServiceInfoResponse.h, /home/hongxu/agbot_deploy/devel/include/rosserial_msgs/RequestServiceInfoResponse.h)
Linked: (/home/hongxu/agbot_deploy/devel/.private/rosserial_msgs/include/rosserial_msgs/RequestMessageInfoResponse.h, /home/hongxu/agbot_deploy/devel/include/rosserial_msgs/RequestMessageInfoResponse.h)
Linked: (/home/hongxu/agbot_deploy/devel/.private/rosserial_msgs/include/rosserial_msgs/RequestParamResponse.h, /home/hongxu/agbot_deploy/devel/include/rosserial_msgs/RequestParamResponse.h)
Linked: (/home/hongxu/agbot_deploy/devel/.private/rosserial_msgs/include/rosserial_msgs/RequestMessageInfo.h, /home/hongxu/agbot_deploy/devel/include/rosserial_msgs/RequestMessageInfo.h)
Linked: (/home/hongxu/agbot_deploy/devel/.private/rosserial_msgs/include/rosserial_msgs/TopicInfo.h, /home/hongxu/agbot_deploy/devel/include/rosserial_msgs/TopicInfo.h)
Linked: (/home/hongxu/agbot_deploy/devel/.private/rosserial_msgs/include/rosserial_msgs/RequestParam.h, /home/hongxu/agbot_deploy/devel/include/rosserial_msgs/RequestParam.h)
Linked: (/home/hongxu/agbot_deploy/devel/.private/rosserial_msgs/include/rosserial_msgs/RequestMessageInfoRequest.h, /home/hongxu/agbot_deploy/devel/include/rosserial_msgs/RequestMessageInfoRequest.h)
Linked: (/home/hongxu/agbot_deploy/devel/.private/rosserial_msgs/include/rosserial_msgs/RequestServiceInfoRequest.h, /home/hongxu/agbot_deploy/devel/include/rosserial_msgs/RequestServiceInfoRequest.h)
Linked: (/home/hongxu/agbot_deploy/devel/.private/rosserial_msgs/include/rosserial_msgs/RequestServiceInfo.h, /home/hongxu/agbot_deploy/devel/include/rosserial_msgs/RequestServiceInfo.h)
Linked: (/home/hongxu/agbot_deploy/devel/.private/rosserial_msgs/include/rosserial_msgs/Log.h, /home/hongxu/agbot_deploy/devel/include/rosserial_msgs/Log.h)
Linked: (/home/hongxu/agbot_deploy/devel/.private/rosserial_msgs/include/rosserial_msgs/RequestParamRequest.h, /home/hongxu/agbot_deploy/devel/include/rosserial_msgs/RequestParamRequest.h)
