Symlinking /home/hongxu/agbot_deploy/devel/lib/libnovatel_gps_driver.so
Symlinking /home/hongxu/agbot_deploy/devel/lib/libnovatel_gps_driver_nodelets.so
Symlinking /home/hongxu/agbot_deploy/devel/lib/novatel_gps_driver/novatel_gps_node
Symlinking /home/hongxu/agbot_deploy/devel/lib/pkgconfig/novatel_gps_driver.pc
Symlinking /home/hongxu/agbot_deploy/devel/share/novatel_gps_driver/cmake/novatel_gps_driverConfig.cmake
Symlinking /home/hongxu/agbot_deploy/devel/share/novatel_gps_driver/cmake/novatel_gps_driverConfig-version.cmake
Cleaning: (/home/agbot/agbot_deploy/devel/.private/novatel_gps_driver/lib/libnovatel_gps_driver.so, /home/agbot/agbot_deploy/devel/lib/libnovatel_gps_driver.so)
Cleaning: (/home/agbot/agbot_deploy/devel/.private/novatel_gps_driver/lib/libnovatel_gps_driver_nodelets.so, /home/agbot/agbot_deploy/devel/lib/libnovatel_gps_driver_nodelets.so)
Cleaning: (/home/agbot/agbot_deploy/devel/.private/novatel_gps_driver/lib/pkgconfig/novatel_gps_driver.pc, /home/agbot/agbot_deploy/devel/lib/pkgconfig/novatel_gps_driver.pc)
Cleaning: (/home/agbot/agbot_deploy/devel/.private/novatel_gps_driver/lib/novatel_gps_driver/novatel_gps_node, /home/agbot/agbot_deploy/devel/lib/novatel_gps_driver/novatel_gps_node)
Cleaning: (/home/agbot/agbot_deploy/devel/.private/novatel_gps_driver/share/novatel_gps_driver/cmake/novatel_gps_driverConfig-version.cmake, /home/agbot/agbot_deploy/devel/share/novatel_gps_driver/cmake/novatel_gps_driverConfig-version.cmake)
Cleaning: (/home/agbot/agbot_deploy/devel/.private/novatel_gps_driver/share/novatel_gps_driver/cmake/novatel_gps_driverConfig.cmake, /home/agbot/agbot_deploy/devel/share/novatel_gps_driver/cmake/novatel_gps_driverConfig.cmake)
Unlinking: /home/agbot/agbot_deploy/devel/lib/libnovatel_gps_driver.so
Already unlinked: {}
Unlinking: /home/agbot/agbot_deploy/devel/lib/libnovatel_gps_driver_nodelets.so
Already unlinked: {}
Unlinking: /home/agbot/agbot_deploy/devel/lib/pkgconfig/novatel_gps_driver.pc
Already unlinked: {}
Unlinking: /home/agbot/agbot_deploy/devel/lib/novatel_gps_driver/novatel_gps_node
Already unlinked: {}
Unlinking: /home/agbot/agbot_deploy/devel/share/novatel_gps_driver/cmake/novatel_gps_driverConfig-version.cmake
Already unlinked: {}
Unlinking: /home/agbot/agbot_deploy/devel/share/novatel_gps_driver/cmake/novatel_gps_driverConfig.cmake
Already unlinked: {}
