Symlinking /home/hongxu/agbot_deploy/devel/include/novatel_gps_msgs/Insstdev.h
Symlinking /home/hongxu/agbot_deploy/devel/include/novatel_gps_msgs/Gpgga.h
Symlinking /home/hongxu/agbot_deploy/devel/include/novatel_gps_msgs/NovatelFRESET.h
Symlinking /home/hongxu/agbot_deploy/devel/include/novatel_gps_msgs/Time.h
Symlinking /home/hongxu/agbot_deploy/devel/include/novatel_gps_msgs/NovatelPosition.h
Symlinking /home/hongxu/agbot_deploy/devel/include/novatel_gps_msgs/TrackstatChannel.h
Symlinking /home/hongxu/agbot_deploy/devel/include/novatel_gps_msgs/NovatelVelocity.h
Symlinking /home/hongxu/agbot_deploy/devel/include/novatel_gps_msgs/NovatelMessageHeader.h
Symlinking /home/hongxu/agbot_deploy/devel/include/novatel_gps_msgs/NovatelReceiverStatus.h
Symlinking /home/hongxu/agbot_deploy/devel/include/novatel_gps_msgs/NovatelFRESETRequest.h
Symlinking /home/hongxu/agbot_deploy/devel/include/novatel_gps_msgs/Inscov.h
Symlinking /home/hongxu/agbot_deploy/devel/include/novatel_gps_msgs/Range.h
Symlinking /home/hongxu/agbot_deploy/devel/include/novatel_gps_msgs/RangeInformation.h
Symlinking /home/hongxu/agbot_deploy/devel/include/novatel_gps_msgs/NovatelExtendedSolutionStatus.h
Symlinking /home/hongxu/agbot_deploy/devel/include/novatel_gps_msgs/NovatelFRESETResponse.h
Symlinking /home/hongxu/agbot_deploy/devel/include/novatel_gps_msgs/NovatelCorrectedImuData.h
Symlinking /home/hongxu/agbot_deploy/devel/include/novatel_gps_msgs/Gprmc.h
Symlinking /home/hongxu/agbot_deploy/devel/include/novatel_gps_msgs/Gpgsa.h
Symlinking /home/hongxu/agbot_deploy/devel/include/novatel_gps_msgs/Inspva.h
Symlinking /home/hongxu/agbot_deploy/devel/include/novatel_gps_msgs/Trackstat.h
Symlinking /home/hongxu/agbot_deploy/devel/include/novatel_gps_msgs/NovatelSignalMask.h
Symlinking /home/hongxu/agbot_deploy/devel/include/novatel_gps_msgs/Gpgsv.h
Symlinking /home/hongxu/agbot_deploy/devel/include/novatel_gps_msgs/Satellite.h
Symlinking /home/hongxu/agbot_deploy/devel/lib/pkgconfig/novatel_gps_msgs.pc
Symlinking /home/hongxu/agbot_deploy/devel/lib/python2.7/dist-packages/novatel_gps_msgs/__init__.py
Symlinking /home/hongxu/agbot_deploy/devel/lib/python2.7/dist-packages/novatel_gps_msgs/msg/_TrackstatChannel.py
Symlinking /home/hongxu/agbot_deploy/devel/lib/python2.7/dist-packages/novatel_gps_msgs/msg/_Inspva.py
Symlinking /home/hongxu/agbot_deploy/devel/lib/python2.7/dist-packages/novatel_gps_msgs/msg/_NovatelSignalMask.py
Symlinking /home/hongxu/agbot_deploy/devel/lib/python2.7/dist-packages/novatel_gps_msgs/msg/_NovatelVelocity.py
Symlinking /home/hongxu/agbot_deploy/devel/lib/python2.7/dist-packages/novatel_gps_msgs/msg/__init__.py
Symlinking /home/hongxu/agbot_deploy/devel/lib/python2.7/dist-packages/novatel_gps_msgs/msg/_NovatelReceiverStatus.py
Symlinking /home/hongxu/agbot_deploy/devel/lib/python2.7/dist-packages/novatel_gps_msgs/msg/_NovatelCorrectedImuData.py
Symlinking /home/hongxu/agbot_deploy/devel/lib/python2.7/dist-packages/novatel_gps_msgs/msg/_Gprmc.py
Symlinking /home/hongxu/agbot_deploy/devel/lib/python2.7/dist-packages/novatel_gps_msgs/msg/_Range.py
Symlinking /home/hongxu/agbot_deploy/devel/lib/python2.7/dist-packages/novatel_gps_msgs/msg/_NovatelExtendedSolutionStatus.py
Symlinking /home/hongxu/agbot_deploy/devel/lib/python2.7/dist-packages/novatel_gps_msgs/msg/_Trackstat.py
Symlinking /home/hongxu/agbot_deploy/devel/lib/python2.7/dist-packages/novatel_gps_msgs/msg/_Time.py
Symlinking /home/hongxu/agbot_deploy/devel/lib/python2.7/dist-packages/novatel_gps_msgs/msg/_NovatelPosition.py
Symlinking /home/hongxu/agbot_deploy/devel/lib/python2.7/dist-packages/novatel_gps_msgs/msg/_Gpgsa.py
Symlinking /home/hongxu/agbot_deploy/devel/lib/python2.7/dist-packages/novatel_gps_msgs/msg/_Satellite.py
Symlinking /home/hongxu/agbot_deploy/devel/lib/python2.7/dist-packages/novatel_gps_msgs/msg/_RangeInformation.py
Symlinking /home/hongxu/agbot_deploy/devel/lib/python2.7/dist-packages/novatel_gps_msgs/msg/_Gpgga.py
Symlinking /home/hongxu/agbot_deploy/devel/lib/python2.7/dist-packages/novatel_gps_msgs/msg/_NovatelMessageHeader.py
Symlinking /home/hongxu/agbot_deploy/devel/lib/python2.7/dist-packages/novatel_gps_msgs/msg/_Gpgsv.py
Symlinking /home/hongxu/agbot_deploy/devel/lib/python2.7/dist-packages/novatel_gps_msgs/msg/_Inscov.py
Symlinking /home/hongxu/agbot_deploy/devel/lib/python2.7/dist-packages/novatel_gps_msgs/msg/_Insstdev.py
Symlinking /home/hongxu/agbot_deploy/devel/lib/python2.7/dist-packages/novatel_gps_msgs/srv/_NovatelFRESET.py
Symlinking /home/hongxu/agbot_deploy/devel/lib/python2.7/dist-packages/novatel_gps_msgs/srv/__init__.py
Symlinking /home/hongxu/agbot_deploy/devel/share/roseus/ros/novatel_gps_msgs/manifest.l
Symlinking /home/hongxu/agbot_deploy/devel/share/roseus/ros/novatel_gps_msgs/msg/Gprmc.l
Symlinking /home/hongxu/agbot_deploy/devel/share/roseus/ros/novatel_gps_msgs/msg/Inscov.l
Symlinking /home/hongxu/agbot_deploy/devel/share/roseus/ros/novatel_gps_msgs/msg/TrackstatChannel.l
Symlinking /home/hongxu/agbot_deploy/devel/share/roseus/ros/novatel_gps_msgs/msg/Insstdev.l
Symlinking /home/hongxu/agbot_deploy/devel/share/roseus/ros/novatel_gps_msgs/msg/Inspva.l
Symlinking /home/hongxu/agbot_deploy/devel/share/roseus/ros/novatel_gps_msgs/msg/Range.l
Symlinking /home/hongxu/agbot_deploy/devel/share/roseus/ros/novatel_gps_msgs/msg/NovatelVelocity.l
Symlinking /home/hongxu/agbot_deploy/devel/share/roseus/ros/novatel_gps_msgs/msg/NovatelExtendedSolutionStatus.l
Symlinking /home/hongxu/agbot_deploy/devel/share/roseus/ros/novatel_gps_msgs/msg/NovatelPosition.l
Symlinking /home/hongxu/agbot_deploy/devel/share/roseus/ros/novatel_gps_msgs/msg/Gpgga.l
Symlinking /home/hongxu/agbot_deploy/devel/share/roseus/ros/novatel_gps_msgs/msg/Satellite.l
Symlinking /home/hongxu/agbot_deploy/devel/share/roseus/ros/novatel_gps_msgs/msg/Trackstat.l
Symlinking /home/hongxu/agbot_deploy/devel/share/roseus/ros/novatel_gps_msgs/msg/Gpgsv.l
Symlinking /home/hongxu/agbot_deploy/devel/share/roseus/ros/novatel_gps_msgs/msg/NovatelSignalMask.l
Symlinking /home/hongxu/agbot_deploy/devel/share/roseus/ros/novatel_gps_msgs/msg/NovatelMessageHeader.l
Symlinking /home/hongxu/agbot_deploy/devel/share/roseus/ros/novatel_gps_msgs/msg/Time.l
Symlinking /home/hongxu/agbot_deploy/devel/share/roseus/ros/novatel_gps_msgs/msg/RangeInformation.l
Symlinking /home/hongxu/agbot_deploy/devel/share/roseus/ros/novatel_gps_msgs/msg/Gpgsa.l
Symlinking /home/hongxu/agbot_deploy/devel/share/roseus/ros/novatel_gps_msgs/msg/NovatelReceiverStatus.l
Symlinking /home/hongxu/agbot_deploy/devel/share/roseus/ros/novatel_gps_msgs/msg/NovatelCorrectedImuData.l
Symlinking /home/hongxu/agbot_deploy/devel/share/roseus/ros/novatel_gps_msgs/srv/NovatelFRESET.l
Symlinking /home/hongxu/agbot_deploy/devel/share/novatel_gps_msgs/cmake/novatel_gps_msgs-msg-extras.cmake
Symlinking /home/hongxu/agbot_deploy/devel/share/novatel_gps_msgs/cmake/novatel_gps_msgs-msg-paths.cmake
Symlinking /home/hongxu/agbot_deploy/devel/share/novatel_gps_msgs/cmake/novatel_gps_msgsConfig.cmake
Symlinking /home/hongxu/agbot_deploy/devel/share/novatel_gps_msgs/cmake/novatel_gps_msgsConfig-version.cmake
Symlinking /home/hongxu/agbot_deploy/devel/share/gennodejs/ros/novatel_gps_msgs/_index.js
Symlinking /home/hongxu/agbot_deploy/devel/share/gennodejs/ros/novatel_gps_msgs/msg/NovatelVelocity.js
Symlinking /home/hongxu/agbot_deploy/devel/share/gennodejs/ros/novatel_gps_msgs/msg/TrackstatChannel.js
Symlinking /home/hongxu/agbot_deploy/devel/share/gennodejs/ros/novatel_gps_msgs/msg/NovatelReceiverStatus.js
Symlinking /home/hongxu/agbot_deploy/devel/share/gennodejs/ros/novatel_gps_msgs/msg/Gpgga.js
Symlinking /home/hongxu/agbot_deploy/devel/share/gennodejs/ros/novatel_gps_msgs/msg/Inspva.js
Symlinking /home/hongxu/agbot_deploy/devel/share/gennodejs/ros/novatel_gps_msgs/msg/Time.js
Symlinking /home/hongxu/agbot_deploy/devel/share/gennodejs/ros/novatel_gps_msgs/msg/Satellite.js
Symlinking /home/hongxu/agbot_deploy/devel/share/gennodejs/ros/novatel_gps_msgs/msg/Gpgsa.js
Symlinking /home/hongxu/agbot_deploy/devel/share/gennodejs/ros/novatel_gps_msgs/msg/NovatelSignalMask.js
Symlinking /home/hongxu/agbot_deploy/devel/share/gennodejs/ros/novatel_gps_msgs/msg/RangeInformation.js
Symlinking /home/hongxu/agbot_deploy/devel/share/gennodejs/ros/novatel_gps_msgs/msg/_index.js
Symlinking /home/hongxu/agbot_deploy/devel/share/gennodejs/ros/novatel_gps_msgs/msg/NovatelMessageHeader.js
Symlinking /home/hongxu/agbot_deploy/devel/share/gennodejs/ros/novatel_gps_msgs/msg/Gpgsv.js
Symlinking /home/hongxu/agbot_deploy/devel/share/gennodejs/ros/novatel_gps_msgs/msg/Trackstat.js
Symlinking /home/hongxu/agbot_deploy/devel/share/gennodejs/ros/novatel_gps_msgs/msg/Range.js
Symlinking /home/hongxu/agbot_deploy/devel/share/gennodejs/ros/novatel_gps_msgs/msg/Gprmc.js
Symlinking /home/hongxu/agbot_deploy/devel/share/gennodejs/ros/novatel_gps_msgs/msg/NovatelExtendedSolutionStatus.js
Symlinking /home/hongxu/agbot_deploy/devel/share/gennodejs/ros/novatel_gps_msgs/msg/NovatelPosition.js
Symlinking /home/hongxu/agbot_deploy/devel/share/gennodejs/ros/novatel_gps_msgs/msg/Inscov.js
Symlinking /home/hongxu/agbot_deploy/devel/share/gennodejs/ros/novatel_gps_msgs/msg/NovatelCorrectedImuData.js
Symlinking /home/hongxu/agbot_deploy/devel/share/gennodejs/ros/novatel_gps_msgs/msg/Insstdev.js
Symlinking /home/hongxu/agbot_deploy/devel/share/gennodejs/ros/novatel_gps_msgs/srv/_index.js
Symlinking /home/hongxu/agbot_deploy/devel/share/gennodejs/ros/novatel_gps_msgs/srv/NovatelFRESET.js
Symlinking /home/hongxu/agbot_deploy/devel/share/common-lisp/ros/novatel_gps_msgs/msg/Satellite.lisp
Symlinking /home/hongxu/agbot_deploy/devel/share/common-lisp/ros/novatel_gps_msgs/msg/Trackstat.lisp
Symlinking /home/hongxu/agbot_deploy/devel/share/common-lisp/ros/novatel_gps_msgs/msg/TrackstatChannel.lisp
Symlinking /home/hongxu/agbot_deploy/devel/share/common-lisp/ros/novatel_gps_msgs/msg/_package_Trackstat.lisp
Symlinking /home/hongxu/agbot_deploy/devel/share/common-lisp/ros/novatel_gps_msgs/msg/_package_Gpgsv.lisp
Symlinking /home/hongxu/agbot_deploy/devel/share/common-lisp/ros/novatel_gps_msgs/msg/Gpgsv.lisp
Symlinking /home/hongxu/agbot_deploy/devel/share/common-lisp/ros/novatel_gps_msgs/msg/NovatelExtendedSolutionStatus.lisp
Symlinking /home/hongxu/agbot_deploy/devel/share/common-lisp/ros/novatel_gps_msgs/msg/_package_Satellite.lisp
Symlinking /home/hongxu/agbot_deploy/devel/share/common-lisp/ros/novatel_gps_msgs/msg/_package_Inspva.lisp
Symlinking /home/hongxu/agbot_deploy/devel/share/common-lisp/ros/novatel_gps_msgs/msg/Range.lisp
Symlinking /home/hongxu/agbot_deploy/devel/share/common-lisp/ros/novatel_gps_msgs/msg/_package_NovatelMessageHeader.lisp
Symlinking /home/hongxu/agbot_deploy/devel/share/common-lisp/ros/novatel_gps_msgs/msg/_package_TrackstatChannel.lisp
Symlinking /home/hongxu/agbot_deploy/devel/share/common-lisp/ros/novatel_gps_msgs/msg/novatel_gps_msgs-msg.asd
Symlinking /home/hongxu/agbot_deploy/devel/share/common-lisp/ros/novatel_gps_msgs/msg/_package_Gpgsa.lisp
Symlinking /home/hongxu/agbot_deploy/devel/share/common-lisp/ros/novatel_gps_msgs/msg/_package_Inscov.lisp
Symlinking /home/hongxu/agbot_deploy/devel/share/common-lisp/ros/novatel_gps_msgs/msg/_package_Gprmc.lisp
Symlinking /home/hongxu/agbot_deploy/devel/share/common-lisp/ros/novatel_gps_msgs/msg/Time.lisp
Symlinking /home/hongxu/agbot_deploy/devel/share/common-lisp/ros/novatel_gps_msgs/msg/Insstdev.lisp
Symlinking /home/hongxu/agbot_deploy/devel/share/common-lisp/ros/novatel_gps_msgs/msg/_package_NovatelReceiverStatus.lisp
Symlinking /home/hongxu/agbot_deploy/devel/share/common-lisp/ros/novatel_gps_msgs/msg/_package_Time.lisp
Symlinking /home/hongxu/agbot_deploy/devel/share/common-lisp/ros/novatel_gps_msgs/msg/Gpgsa.lisp
Symlinking /home/hongxu/agbot_deploy/devel/share/common-lisp/ros/novatel_gps_msgs/msg/_package_Insstdev.lisp
Symlinking /home/hongxu/agbot_deploy/devel/share/common-lisp/ros/novatel_gps_msgs/msg/Inspva.lisp
Symlinking /home/hongxu/agbot_deploy/devel/share/common-lisp/ros/novatel_gps_msgs/msg/NovatelReceiverStatus.lisp
Symlinking /home/hongxu/agbot_deploy/devel/share/common-lisp/ros/novatel_gps_msgs/msg/RangeInformation.lisp
Symlinking /home/hongxu/agbot_deploy/devel/share/common-lisp/ros/novatel_gps_msgs/msg/NovatelSignalMask.lisp
Symlinking /home/hongxu/agbot_deploy/devel/share/common-lisp/ros/novatel_gps_msgs/msg/_package_NovatelSignalMask.lisp
Symlinking /home/hongxu/agbot_deploy/devel/share/common-lisp/ros/novatel_gps_msgs/msg/NovatelVelocity.lisp
Symlinking /home/hongxu/agbot_deploy/devel/share/common-lisp/ros/novatel_gps_msgs/msg/_package_Gpgga.lisp
Symlinking /home/hongxu/agbot_deploy/devel/share/common-lisp/ros/novatel_gps_msgs/msg/_package_RangeInformation.lisp
Symlinking /home/hongxu/agbot_deploy/devel/share/common-lisp/ros/novatel_gps_msgs/msg/_package_NovatelVelocity.lisp
Symlinking /home/hongxu/agbot_deploy/devel/share/common-lisp/ros/novatel_gps_msgs/msg/_package_NovatelPosition.lisp
Symlinking /home/hongxu/agbot_deploy/devel/share/common-lisp/ros/novatel_gps_msgs/msg/NovatelPosition.lisp
Symlinking /home/hongxu/agbot_deploy/devel/share/common-lisp/ros/novatel_gps_msgs/msg/NovatelMessageHeader.lisp
Symlinking /home/hongxu/agbot_deploy/devel/share/common-lisp/ros/novatel_gps_msgs/msg/Inscov.lisp
Symlinking /home/hongxu/agbot_deploy/devel/share/common-lisp/ros/novatel_gps_msgs/msg/_package_NovatelCorrectedImuData.lisp
Symlinking /home/hongxu/agbot_deploy/devel/share/common-lisp/ros/novatel_gps_msgs/msg/Gprmc.lisp
Symlinking /home/hongxu/agbot_deploy/devel/share/common-lisp/ros/novatel_gps_msgs/msg/_package_Range.lisp
Symlinking /home/hongxu/agbot_deploy/devel/share/common-lisp/ros/novatel_gps_msgs/msg/NovatelCorrectedImuData.lisp
Symlinking /home/hongxu/agbot_deploy/devel/share/common-lisp/ros/novatel_gps_msgs/msg/_package_NovatelExtendedSolutionStatus.lisp
Symlinking /home/hongxu/agbot_deploy/devel/share/common-lisp/ros/novatel_gps_msgs/msg/Gpgga.lisp
Symlinking /home/hongxu/agbot_deploy/devel/share/common-lisp/ros/novatel_gps_msgs/msg/_package.lisp
Symlinking /home/hongxu/agbot_deploy/devel/share/common-lisp/ros/novatel_gps_msgs/srv/novatel_gps_msgs-srv.asd
Symlinking /home/hongxu/agbot_deploy/devel/share/common-lisp/ros/novatel_gps_msgs/srv/_package_NovatelFRESET.lisp
Symlinking /home/hongxu/agbot_deploy/devel/share/common-lisp/ros/novatel_gps_msgs/srv/NovatelFRESET.lisp
Symlinking /home/hongxu/agbot_deploy/devel/share/common-lisp/ros/novatel_gps_msgs/srv/_package.lisp
Cleaning: (/home/agbot/agbot_deploy/devel/.private/novatel_gps_msgs/include/novatel_gps_msgs/NovatelReceiverStatus.h, /home/agbot/agbot_deploy/devel/include/novatel_gps_msgs/NovatelReceiverStatus.h)
Cleaning: (/home/agbot/agbot_deploy/devel/.private/novatel_gps_msgs/include/novatel_gps_msgs/Gprmc.h, /home/agbot/agbot_deploy/devel/include/novatel_gps_msgs/Gprmc.h)
Cleaning: (/home/agbot/agbot_deploy/devel/.private/novatel_gps_msgs/include/novatel_gps_msgs/NovatelFRESETResponse.h, /home/agbot/agbot_deploy/devel/include/novatel_gps_msgs/NovatelFRESETResponse.h)
Cleaning: (/home/agbot/agbot_deploy/devel/.private/novatel_gps_msgs/include/novatel_gps_msgs/NovatelExtendedSolutionStatus.h, /home/agbot/agbot_deploy/devel/include/novatel_gps_msgs/NovatelExtendedSolutionStatus.h)
Cleaning: (/home/agbot/agbot_deploy/devel/.private/novatel_gps_msgs/include/novatel_gps_msgs/Insstdev.h, /home/agbot/agbot_deploy/devel/include/novatel_gps_msgs/Insstdev.h)
Cleaning: (/home/agbot/agbot_deploy/devel/.private/novatel_gps_msgs/include/novatel_gps_msgs/Satellite.h, /home/agbot/agbot_deploy/devel/include/novatel_gps_msgs/Satellite.h)
Cleaning: (/home/agbot/agbot_deploy/devel/.private/novatel_gps_msgs/include/novatel_gps_msgs/Inscov.h, /home/agbot/agbot_deploy/devel/include/novatel_gps_msgs/Inscov.h)
Cleaning: (/home/agbot/agbot_deploy/devel/.private/novatel_gps_msgs/include/novatel_gps_msgs/NovatelVelocity.h, /home/agbot/agbot_deploy/devel/include/novatel_gps_msgs/NovatelVelocity.h)
Cleaning: (/home/agbot/agbot_deploy/devel/.private/novatel_gps_msgs/include/novatel_gps_msgs/NovatelMessageHeader.h, /home/agbot/agbot_deploy/devel/include/novatel_gps_msgs/NovatelMessageHeader.h)
Cleaning: (/home/agbot/agbot_deploy/devel/.private/novatel_gps_msgs/include/novatel_gps_msgs/NovatelPosition.h, /home/agbot/agbot_deploy/devel/include/novatel_gps_msgs/NovatelPosition.h)
Cleaning: (/home/agbot/agbot_deploy/devel/.private/novatel_gps_msgs/include/novatel_gps_msgs/Inspva.h, /home/agbot/agbot_deploy/devel/include/novatel_gps_msgs/Inspva.h)
Cleaning: (/home/agbot/agbot_deploy/devel/.private/novatel_gps_msgs/include/novatel_gps_msgs/Gpgsv.h, /home/agbot/agbot_deploy/devel/include/novatel_gps_msgs/Gpgsv.h)
Cleaning: (/home/agbot/agbot_deploy/devel/.private/novatel_gps_msgs/include/novatel_gps_msgs/TrackstatChannel.h, /home/agbot/agbot_deploy/devel/include/novatel_gps_msgs/TrackstatChannel.h)
Cleaning: (/home/agbot/agbot_deploy/devel/.private/novatel_gps_msgs/include/novatel_gps_msgs/Range.h, /home/agbot/agbot_deploy/devel/include/novatel_gps_msgs/Range.h)
Cleaning: (/home/agbot/agbot_deploy/devel/.private/novatel_gps_msgs/include/novatel_gps_msgs/Gpgsa.h, /home/agbot/agbot_deploy/devel/include/novatel_gps_msgs/Gpgsa.h)
Cleaning: (/home/agbot/agbot_deploy/devel/.private/novatel_gps_msgs/include/novatel_gps_msgs/Trackstat.h, /home/agbot/agbot_deploy/devel/include/novatel_gps_msgs/Trackstat.h)
Cleaning: (/home/agbot/agbot_deploy/devel/.private/novatel_gps_msgs/include/novatel_gps_msgs/NovatelCorrectedImuData.h, /home/agbot/agbot_deploy/devel/include/novatel_gps_msgs/NovatelCorrectedImuData.h)
Cleaning: (/home/agbot/agbot_deploy/devel/.private/novatel_gps_msgs/include/novatel_gps_msgs/NovatelSignalMask.h, /home/agbot/agbot_deploy/devel/include/novatel_gps_msgs/NovatelSignalMask.h)
Cleaning: (/home/agbot/agbot_deploy/devel/.private/novatel_gps_msgs/include/novatel_gps_msgs/Time.h, /home/agbot/agbot_deploy/devel/include/novatel_gps_msgs/Time.h)
Cleaning: (/home/agbot/agbot_deploy/devel/.private/novatel_gps_msgs/include/novatel_gps_msgs/Gpgga.h, /home/agbot/agbot_deploy/devel/include/novatel_gps_msgs/Gpgga.h)
Cleaning: (/home/agbot/agbot_deploy/devel/.private/novatel_gps_msgs/include/novatel_gps_msgs/NovatelFRESET.h, /home/agbot/agbot_deploy/devel/include/novatel_gps_msgs/NovatelFRESET.h)
Cleaning: (/home/agbot/agbot_deploy/devel/.private/novatel_gps_msgs/include/novatel_gps_msgs/NovatelFRESETRequest.h, /home/agbot/agbot_deploy/devel/include/novatel_gps_msgs/NovatelFRESETRequest.h)
Cleaning: (/home/agbot/agbot_deploy/devel/.private/novatel_gps_msgs/include/novatel_gps_msgs/RangeInformation.h, /home/agbot/agbot_deploy/devel/include/novatel_gps_msgs/RangeInformation.h)
Cleaning: (/home/agbot/agbot_deploy/devel/.private/novatel_gps_msgs/lib/pkgconfig/novatel_gps_msgs.pc, /home/agbot/agbot_deploy/devel/lib/pkgconfig/novatel_gps_msgs.pc)
Cleaning: (/home/agbot/agbot_deploy/devel/.private/novatel_gps_msgs/lib/python2.7/dist-packages/novatel_gps_msgs/__init__.py, /home/agbot/agbot_deploy/devel/lib/python2.7/dist-packages/novatel_gps_msgs/__init__.py)
Cleaning: (/home/agbot/agbot_deploy/devel/.private/novatel_gps_msgs/lib/python2.7/dist-packages/novatel_gps_msgs/msg/_NovatelSignalMask.py, /home/agbot/agbot_deploy/devel/lib/python2.7/dist-packages/novatel_gps_msgs/msg/_NovatelSignalMask.py)
Cleaning: (/home/agbot/agbot_deploy/devel/.private/novatel_gps_msgs/lib/python2.7/dist-packages/novatel_gps_msgs/msg/_NovatelPosition.py, /home/agbot/agbot_deploy/devel/lib/python2.7/dist-packages/novatel_gps_msgs/msg/_NovatelPosition.py)
Cleaning: (/home/agbot/agbot_deploy/devel/.private/novatel_gps_msgs/lib/python2.7/dist-packages/novatel_gps_msgs/msg/_NovatelMessageHeader.py, /home/agbot/agbot_deploy/devel/lib/python2.7/dist-packages/novatel_gps_msgs/msg/_NovatelMessageHeader.py)
Cleaning: (/home/agbot/agbot_deploy/devel/.private/novatel_gps_msgs/lib/python2.7/dist-packages/novatel_gps_msgs/msg/_Trackstat.py, /home/agbot/agbot_deploy/devel/lib/python2.7/dist-packages/novatel_gps_msgs/msg/_Trackstat.py)
Cleaning: (/home/agbot/agbot_deploy/devel/.private/novatel_gps_msgs/lib/python2.7/dist-packages/novatel_gps_msgs/msg/_RangeInformation.py, /home/agbot/agbot_deploy/devel/lib/python2.7/dist-packages/novatel_gps_msgs/msg/_RangeInformation.py)
Cleaning: (/home/agbot/agbot_deploy/devel/.private/novatel_gps_msgs/lib/python2.7/dist-packages/novatel_gps_msgs/msg/_TrackstatChannel.py, /home/agbot/agbot_deploy/devel/lib/python2.7/dist-packages/novatel_gps_msgs/msg/_TrackstatChannel.py)
Cleaning: (/home/agbot/agbot_deploy/devel/.private/novatel_gps_msgs/lib/python2.7/dist-packages/novatel_gps_msgs/msg/_Satellite.py, /home/agbot/agbot_deploy/devel/lib/python2.7/dist-packages/novatel_gps_msgs/msg/_Satellite.py)
Cleaning: (/home/agbot/agbot_deploy/devel/.private/novatel_gps_msgs/lib/python2.7/dist-packages/novatel_gps_msgs/msg/_Gpgga.py, /home/agbot/agbot_deploy/devel/lib/python2.7/dist-packages/novatel_gps_msgs/msg/_Gpgga.py)
Cleaning: (/home/agbot/agbot_deploy/devel/.private/novatel_gps_msgs/lib/python2.7/dist-packages/novatel_gps_msgs/msg/_NovatelVelocity.py, /home/agbot/agbot_deploy/devel/lib/python2.7/dist-packages/novatel_gps_msgs/msg/_NovatelVelocity.py)
Cleaning: (/home/agbot/agbot_deploy/devel/.private/novatel_gps_msgs/lib/python2.7/dist-packages/novatel_gps_msgs/msg/_Gprmc.py, /home/agbot/agbot_deploy/devel/lib/python2.7/dist-packages/novatel_gps_msgs/msg/_Gprmc.py)
Cleaning: (/home/agbot/agbot_deploy/devel/.private/novatel_gps_msgs/lib/python2.7/dist-packages/novatel_gps_msgs/msg/_Gpgsv.py, /home/agbot/agbot_deploy/devel/lib/python2.7/dist-packages/novatel_gps_msgs/msg/_Gpgsv.py)
Cleaning: (/home/agbot/agbot_deploy/devel/.private/novatel_gps_msgs/lib/python2.7/dist-packages/novatel_gps_msgs/msg/_NovatelExtendedSolutionStatus.py, /home/agbot/agbot_deploy/devel/lib/python2.7/dist-packages/novatel_gps_msgs/msg/_NovatelExtendedSolutionStatus.py)
Cleaning: (/home/agbot/agbot_deploy/devel/.private/novatel_gps_msgs/lib/python2.7/dist-packages/novatel_gps_msgs/msg/_NovatelCorrectedImuData.py, /home/agbot/agbot_deploy/devel/lib/python2.7/dist-packages/novatel_gps_msgs/msg/_NovatelCorrectedImuData.py)
Cleaning: (/home/agbot/agbot_deploy/devel/.private/novatel_gps_msgs/lib/python2.7/dist-packages/novatel_gps_msgs/msg/_Gpgsa.py, /home/agbot/agbot_deploy/devel/lib/python2.7/dist-packages/novatel_gps_msgs/msg/_Gpgsa.py)
Cleaning: (/home/agbot/agbot_deploy/devel/.private/novatel_gps_msgs/lib/python2.7/dist-packages/novatel_gps_msgs/msg/_Inscov.py, /home/agbot/agbot_deploy/devel/lib/python2.7/dist-packages/novatel_gps_msgs/msg/_Inscov.py)
Cleaning: (/home/agbot/agbot_deploy/devel/.private/novatel_gps_msgs/lib/python2.7/dist-packages/novatel_gps_msgs/msg/_Inspva.py, /home/agbot/agbot_deploy/devel/lib/python2.7/dist-packages/novatel_gps_msgs/msg/_Inspva.py)
Cleaning: (/home/agbot/agbot_deploy/devel/.private/novatel_gps_msgs/lib/python2.7/dist-packages/novatel_gps_msgs/msg/__init__.py, /home/agbot/agbot_deploy/devel/lib/python2.7/dist-packages/novatel_gps_msgs/msg/__init__.py)
Cleaning: (/home/agbot/agbot_deploy/devel/.private/novatel_gps_msgs/lib/python2.7/dist-packages/novatel_gps_msgs/msg/_Insstdev.py, /home/agbot/agbot_deploy/devel/lib/python2.7/dist-packages/novatel_gps_msgs/msg/_Insstdev.py)
Cleaning: (/home/agbot/agbot_deploy/devel/.private/novatel_gps_msgs/lib/python2.7/dist-packages/novatel_gps_msgs/msg/_Range.py, /home/agbot/agbot_deploy/devel/lib/python2.7/dist-packages/novatel_gps_msgs/msg/_Range.py)
Cleaning: (/home/agbot/agbot_deploy/devel/.private/novatel_gps_msgs/lib/python2.7/dist-packages/novatel_gps_msgs/msg/_Time.py, /home/agbot/agbot_deploy/devel/lib/python2.7/dist-packages/novatel_gps_msgs/msg/_Time.py)
Cleaning: (/home/agbot/agbot_deploy/devel/.private/novatel_gps_msgs/lib/python2.7/dist-packages/novatel_gps_msgs/msg/_NovatelReceiverStatus.py, /home/agbot/agbot_deploy/devel/lib/python2.7/dist-packages/novatel_gps_msgs/msg/_NovatelReceiverStatus.py)
Cleaning: (/home/agbot/agbot_deploy/devel/.private/novatel_gps_msgs/lib/python2.7/dist-packages/novatel_gps_msgs/srv/_NovatelFRESET.py, /home/agbot/agbot_deploy/devel/lib/python2.7/dist-packages/novatel_gps_msgs/srv/_NovatelFRESET.py)
Cleaning: (/home/agbot/agbot_deploy/devel/.private/novatel_gps_msgs/lib/python2.7/dist-packages/novatel_gps_msgs/srv/__init__.py, /home/agbot/agbot_deploy/devel/lib/python2.7/dist-packages/novatel_gps_msgs/srv/__init__.py)
Cleaning: (/home/agbot/agbot_deploy/devel/.private/novatel_gps_msgs/share/roseus/ros/novatel_gps_msgs/manifest.l, /home/agbot/agbot_deploy/devel/share/roseus/ros/novatel_gps_msgs/manifest.l)
Cleaning: (/home/agbot/agbot_deploy/devel/.private/novatel_gps_msgs/share/roseus/ros/novatel_gps_msgs/msg/NovatelPosition.l, /home/agbot/agbot_deploy/devel/share/roseus/ros/novatel_gps_msgs/msg/NovatelPosition.l)
Cleaning: (/home/agbot/agbot_deploy/devel/.private/novatel_gps_msgs/share/roseus/ros/novatel_gps_msgs/msg/Satellite.l, /home/agbot/agbot_deploy/devel/share/roseus/ros/novatel_gps_msgs/msg/Satellite.l)
Cleaning: (/home/agbot/agbot_deploy/devel/.private/novatel_gps_msgs/share/roseus/ros/novatel_gps_msgs/msg/Gpgsv.l, /home/agbot/agbot_deploy/devel/share/roseus/ros/novatel_gps_msgs/msg/Gpgsv.l)
Cleaning: (/home/agbot/agbot_deploy/devel/.private/novatel_gps_msgs/share/roseus/ros/novatel_gps_msgs/msg/NovatelSignalMask.l, /home/agbot/agbot_deploy/devel/share/roseus/ros/novatel_gps_msgs/msg/NovatelSignalMask.l)
Cleaning: (/home/agbot/agbot_deploy/devel/.private/novatel_gps_msgs/share/roseus/ros/novatel_gps_msgs/msg/Inspva.l, /home/agbot/agbot_deploy/devel/share/roseus/ros/novatel_gps_msgs/msg/Inspva.l)
Cleaning: (/home/agbot/agbot_deploy/devel/.private/novatel_gps_msgs/share/roseus/ros/novatel_gps_msgs/msg/NovatelCorrectedImuData.l, /home/agbot/agbot_deploy/devel/share/roseus/ros/novatel_gps_msgs/msg/NovatelCorrectedImuData.l)
Cleaning: (/home/agbot/agbot_deploy/devel/.private/novatel_gps_msgs/share/roseus/ros/novatel_gps_msgs/msg/Range.l, /home/agbot/agbot_deploy/devel/share/roseus/ros/novatel_gps_msgs/msg/Range.l)
Cleaning: (/home/agbot/agbot_deploy/devel/.private/novatel_gps_msgs/share/roseus/ros/novatel_gps_msgs/msg/Gpgga.l, /home/agbot/agbot_deploy/devel/share/roseus/ros/novatel_gps_msgs/msg/Gpgga.l)
Cleaning: (/home/agbot/agbot_deploy/devel/.private/novatel_gps_msgs/share/roseus/ros/novatel_gps_msgs/msg/NovatelMessageHeader.l, /home/agbot/agbot_deploy/devel/share/roseus/ros/novatel_gps_msgs/msg/NovatelMessageHeader.l)
Cleaning: (/home/agbot/agbot_deploy/devel/.private/novatel_gps_msgs/share/roseus/ros/novatel_gps_msgs/msg/NovatelExtendedSolutionStatus.l, /home/agbot/agbot_deploy/devel/share/roseus/ros/novatel_gps_msgs/msg/NovatelExtendedSolutionStatus.l)
Cleaning: (/home/agbot/agbot_deploy/devel/.private/novatel_gps_msgs/share/roseus/ros/novatel_gps_msgs/msg/Gpgsa.l, /home/agbot/agbot_deploy/devel/share/roseus/ros/novatel_gps_msgs/msg/Gpgsa.l)
Cleaning: (/home/agbot/agbot_deploy/devel/.private/novatel_gps_msgs/share/roseus/ros/novatel_gps_msgs/msg/NovatelVelocity.l, /home/agbot/agbot_deploy/devel/share/roseus/ros/novatel_gps_msgs/msg/NovatelVelocity.l)
Cleaning: (/home/agbot/agbot_deploy/devel/.private/novatel_gps_msgs/share/roseus/ros/novatel_gps_msgs/msg/Gprmc.l, /home/agbot/agbot_deploy/devel/share/roseus/ros/novatel_gps_msgs/msg/Gprmc.l)
Cleaning: (/home/agbot/agbot_deploy/devel/.private/novatel_gps_msgs/share/roseus/ros/novatel_gps_msgs/msg/NovatelReceiverStatus.l, /home/agbot/agbot_deploy/devel/share/roseus/ros/novatel_gps_msgs/msg/NovatelReceiverStatus.l)
Cleaning: (/home/agbot/agbot_deploy/devel/.private/novatel_gps_msgs/share/roseus/ros/novatel_gps_msgs/msg/TrackstatChannel.l, /home/agbot/agbot_deploy/devel/share/roseus/ros/novatel_gps_msgs/msg/TrackstatChannel.l)
Cleaning: (/home/agbot/agbot_deploy/devel/.private/novatel_gps_msgs/share/roseus/ros/novatel_gps_msgs/msg/Trackstat.l, /home/agbot/agbot_deploy/devel/share/roseus/ros/novatel_gps_msgs/msg/Trackstat.l)
Cleaning: (/home/agbot/agbot_deploy/devel/.private/novatel_gps_msgs/share/roseus/ros/novatel_gps_msgs/msg/Time.l, /home/agbot/agbot_deploy/devel/share/roseus/ros/novatel_gps_msgs/msg/Time.l)
Cleaning: (/home/agbot/agbot_deploy/devel/.private/novatel_gps_msgs/share/roseus/ros/novatel_gps_msgs/msg/Inscov.l, /home/agbot/agbot_deploy/devel/share/roseus/ros/novatel_gps_msgs/msg/Inscov.l)
Cleaning: (/home/agbot/agbot_deploy/devel/.private/novatel_gps_msgs/share/roseus/ros/novatel_gps_msgs/msg/RangeInformation.l, /home/agbot/agbot_deploy/devel/share/roseus/ros/novatel_gps_msgs/msg/RangeInformation.l)
Cleaning: (/home/agbot/agbot_deploy/devel/.private/novatel_gps_msgs/share/roseus/ros/novatel_gps_msgs/msg/Insstdev.l, /home/agbot/agbot_deploy/devel/share/roseus/ros/novatel_gps_msgs/msg/Insstdev.l)
Cleaning: (/home/agbot/agbot_deploy/devel/.private/novatel_gps_msgs/share/roseus/ros/novatel_gps_msgs/srv/NovatelFRESET.l, /home/agbot/agbot_deploy/devel/share/roseus/ros/novatel_gps_msgs/srv/NovatelFRESET.l)
Cleaning: (/home/agbot/agbot_deploy/devel/.private/novatel_gps_msgs/share/novatel_gps_msgs/cmake/novatel_gps_msgsConfig.cmake, /home/agbot/agbot_deploy/devel/share/novatel_gps_msgs/cmake/novatel_gps_msgsConfig.cmake)
Cleaning: (/home/agbot/agbot_deploy/devel/.private/novatel_gps_msgs/share/novatel_gps_msgs/cmake/novatel_gps_msgsConfig-version.cmake, /home/agbot/agbot_deploy/devel/share/novatel_gps_msgs/cmake/novatel_gps_msgsConfig-version.cmake)
Cleaning: (/home/agbot/agbot_deploy/devel/.private/novatel_gps_msgs/share/novatel_gps_msgs/cmake/novatel_gps_msgs-msg-paths.cmake, /home/agbot/agbot_deploy/devel/share/novatel_gps_msgs/cmake/novatel_gps_msgs-msg-paths.cmake)
Cleaning: (/home/agbot/agbot_deploy/devel/.private/novatel_gps_msgs/share/novatel_gps_msgs/cmake/novatel_gps_msgs-msg-extras.cmake, /home/agbot/agbot_deploy/devel/share/novatel_gps_msgs/cmake/novatel_gps_msgs-msg-extras.cmake)
Cleaning: (/home/agbot/agbot_deploy/devel/.private/novatel_gps_msgs/share/gennodejs/ros/novatel_gps_msgs/_index.js, /home/agbot/agbot_deploy/devel/share/gennodejs/ros/novatel_gps_msgs/_index.js)
Cleaning: (/home/agbot/agbot_deploy/devel/.private/novatel_gps_msgs/share/gennodejs/ros/novatel_gps_msgs/msg/NovatelSignalMask.js, /home/agbot/agbot_deploy/devel/share/gennodejs/ros/novatel_gps_msgs/msg/NovatelSignalMask.js)
Cleaning: (/home/agbot/agbot_deploy/devel/.private/novatel_gps_msgs/share/gennodejs/ros/novatel_gps_msgs/msg/Gprmc.js, /home/agbot/agbot_deploy/devel/share/gennodejs/ros/novatel_gps_msgs/msg/Gprmc.js)
Cleaning: (/home/agbot/agbot_deploy/devel/.private/novatel_gps_msgs/share/gennodejs/ros/novatel_gps_msgs/msg/NovatelExtendedSolutionStatus.js, /home/agbot/agbot_deploy/devel/share/gennodejs/ros/novatel_gps_msgs/msg/NovatelExtendedSolutionStatus.js)
Cleaning: (/home/agbot/agbot_deploy/devel/.private/novatel_gps_msgs/share/gennodejs/ros/novatel_gps_msgs/msg/Range.js, /home/agbot/agbot_deploy/devel/share/gennodejs/ros/novatel_gps_msgs/msg/Range.js)
Cleaning: (/home/agbot/agbot_deploy/devel/.private/novatel_gps_msgs/share/gennodejs/ros/novatel_gps_msgs/msg/NovatelVelocity.js, /home/agbot/agbot_deploy/devel/share/gennodejs/ros/novatel_gps_msgs/msg/NovatelVelocity.js)
Cleaning: (/home/agbot/agbot_deploy/devel/.private/novatel_gps_msgs/share/gennodejs/ros/novatel_gps_msgs/msg/NovatelPosition.js, /home/agbot/agbot_deploy/devel/share/gennodejs/ros/novatel_gps_msgs/msg/NovatelPosition.js)
Cleaning: (/home/agbot/agbot_deploy/devel/.private/novatel_gps_msgs/share/gennodejs/ros/novatel_gps_msgs/msg/Trackstat.js, /home/agbot/agbot_deploy/devel/share/gennodejs/ros/novatel_gps_msgs/msg/Trackstat.js)
Cleaning: (/home/agbot/agbot_deploy/devel/.private/novatel_gps_msgs/share/gennodejs/ros/novatel_gps_msgs/msg/_index.js, /home/agbot/agbot_deploy/devel/share/gennodejs/ros/novatel_gps_msgs/msg/_index.js)
Cleaning: (/home/agbot/agbot_deploy/devel/.private/novatel_gps_msgs/share/gennodejs/ros/novatel_gps_msgs/msg/Time.js, /home/agbot/agbot_deploy/devel/share/gennodejs/ros/novatel_gps_msgs/msg/Time.js)
Cleaning: (/home/agbot/agbot_deploy/devel/.private/novatel_gps_msgs/share/gennodejs/ros/novatel_gps_msgs/msg/TrackstatChannel.js, /home/agbot/agbot_deploy/devel/share/gennodejs/ros/novatel_gps_msgs/msg/TrackstatChannel.js)
Cleaning: (/home/agbot/agbot_deploy/devel/.private/novatel_gps_msgs/share/gennodejs/ros/novatel_gps_msgs/msg/RangeInformation.js, /home/agbot/agbot_deploy/devel/share/gennodejs/ros/novatel_gps_msgs/msg/RangeInformation.js)
Cleaning: (/home/agbot/agbot_deploy/devel/.private/novatel_gps_msgs/share/gennodejs/ros/novatel_gps_msgs/msg/Gpgsa.js, /home/agbot/agbot_deploy/devel/share/gennodejs/ros/novatel_gps_msgs/msg/Gpgsa.js)
Cleaning: (/home/agbot/agbot_deploy/devel/.private/novatel_gps_msgs/share/gennodejs/ros/novatel_gps_msgs/msg/NovatelCorrectedImuData.js, /home/agbot/agbot_deploy/devel/share/gennodejs/ros/novatel_gps_msgs/msg/NovatelCorrectedImuData.js)
Cleaning: (/home/agbot/agbot_deploy/devel/.private/novatel_gps_msgs/share/gennodejs/ros/novatel_gps_msgs/msg/Satellite.js, /home/agbot/agbot_deploy/devel/share/gennodejs/ros/novatel_gps_msgs/msg/Satellite.js)
Cleaning: (/home/agbot/agbot_deploy/devel/.private/novatel_gps_msgs/share/gennodejs/ros/novatel_gps_msgs/msg/Gpgga.js, /home/agbot/agbot_deploy/devel/share/gennodejs/ros/novatel_gps_msgs/msg/Gpgga.js)
Cleaning: (/home/agbot/agbot_deploy/devel/.private/novatel_gps_msgs/share/gennodejs/ros/novatel_gps_msgs/msg/NovatelReceiverStatus.js, /home/agbot/agbot_deploy/devel/share/gennodejs/ros/novatel_gps_msgs/msg/NovatelReceiverStatus.js)
Cleaning: (/home/agbot/agbot_deploy/devel/.private/novatel_gps_msgs/share/gennodejs/ros/novatel_gps_msgs/msg/Insstdev.js, /home/agbot/agbot_deploy/devel/share/gennodejs/ros/novatel_gps_msgs/msg/Insstdev.js)
Cleaning: (/home/agbot/agbot_deploy/devel/.private/novatel_gps_msgs/share/gennodejs/ros/novatel_gps_msgs/msg/NovatelMessageHeader.js, /home/agbot/agbot_deploy/devel/share/gennodejs/ros/novatel_gps_msgs/msg/NovatelMessageHeader.js)
Cleaning: (/home/agbot/agbot_deploy/devel/.private/novatel_gps_msgs/share/gennodejs/ros/novatel_gps_msgs/msg/Inspva.js, /home/agbot/agbot_deploy/devel/share/gennodejs/ros/novatel_gps_msgs/msg/Inspva.js)
Cleaning: (/home/agbot/agbot_deploy/devel/.private/novatel_gps_msgs/share/gennodejs/ros/novatel_gps_msgs/msg/Inscov.js, /home/agbot/agbot_deploy/devel/share/gennodejs/ros/novatel_gps_msgs/msg/Inscov.js)
Cleaning: (/home/agbot/agbot_deploy/devel/.private/novatel_gps_msgs/share/gennodejs/ros/novatel_gps_msgs/msg/Gpgsv.js, /home/agbot/agbot_deploy/devel/share/gennodejs/ros/novatel_gps_msgs/msg/Gpgsv.js)
Cleaning: (/home/agbot/agbot_deploy/devel/.private/novatel_gps_msgs/share/gennodejs/ros/novatel_gps_msgs/srv/_index.js, /home/agbot/agbot_deploy/devel/share/gennodejs/ros/novatel_gps_msgs/srv/_index.js)
Cleaning: (/home/agbot/agbot_deploy/devel/.private/novatel_gps_msgs/share/gennodejs/ros/novatel_gps_msgs/srv/NovatelFRESET.js, /home/agbot/agbot_deploy/devel/share/gennodejs/ros/novatel_gps_msgs/srv/NovatelFRESET.js)
Cleaning: (/home/agbot/agbot_deploy/devel/.private/novatel_gps_msgs/share/common-lisp/ros/novatel_gps_msgs/msg/_package_NovatelPosition.lisp, /home/agbot/agbot_deploy/devel/share/common-lisp/ros/novatel_gps_msgs/msg/_package_NovatelPosition.lisp)
Cleaning: (/home/agbot/agbot_deploy/devel/.private/novatel_gps_msgs/share/common-lisp/ros/novatel_gps_msgs/msg/Gpgga.lisp, /home/agbot/agbot_deploy/devel/share/common-lisp/ros/novatel_gps_msgs/msg/Gpgga.lisp)
Cleaning: (/home/agbot/agbot_deploy/devel/.private/novatel_gps_msgs/share/common-lisp/ros/novatel_gps_msgs/msg/Satellite.lisp, /home/agbot/agbot_deploy/devel/share/common-lisp/ros/novatel_gps_msgs/msg/Satellite.lisp)
Cleaning: (/home/agbot/agbot_deploy/devel/.private/novatel_gps_msgs/share/common-lisp/ros/novatel_gps_msgs/msg/NovatelVelocity.lisp, /home/agbot/agbot_deploy/devel/share/common-lisp/ros/novatel_gps_msgs/msg/NovatelVelocity.lisp)
Cleaning: (/home/agbot/agbot_deploy/devel/.private/novatel_gps_msgs/share/common-lisp/ros/novatel_gps_msgs/msg/_package_Time.lisp, /home/agbot/agbot_deploy/devel/share/common-lisp/ros/novatel_gps_msgs/msg/_package_Time.lisp)
Cleaning: (/home/agbot/agbot_deploy/devel/.private/novatel_gps_msgs/share/common-lisp/ros/novatel_gps_msgs/msg/_package_Insstdev.lisp, /home/agbot/agbot_deploy/devel/share/common-lisp/ros/novatel_gps_msgs/msg/_package_Insstdev.lisp)
Cleaning: (/home/agbot/agbot_deploy/devel/.private/novatel_gps_msgs/share/common-lisp/ros/novatel_gps_msgs/msg/_package_RangeInformation.lisp, /home/agbot/agbot_deploy/devel/share/common-lisp/ros/novatel_gps_msgs/msg/_package_RangeInformation.lisp)
Cleaning: (/home/agbot/agbot_deploy/devel/.private/novatel_gps_msgs/share/common-lisp/ros/novatel_gps_msgs/msg/NovatelMessageHeader.lisp, /home/agbot/agbot_deploy/devel/share/common-lisp/ros/novatel_gps_msgs/msg/NovatelMessageHeader.lisp)
Cleaning: (/home/agbot/agbot_deploy/devel/.private/novatel_gps_msgs/share/common-lisp/ros/novatel_gps_msgs/msg/RangeInformation.lisp, /home/agbot/agbot_deploy/devel/share/common-lisp/ros/novatel_gps_msgs/msg/RangeInformation.lisp)
Cleaning: (/home/agbot/agbot_deploy/devel/.private/novatel_gps_msgs/share/common-lisp/ros/novatel_gps_msgs/msg/TrackstatChannel.lisp, /home/agbot/agbot_deploy/devel/share/common-lisp/ros/novatel_gps_msgs/msg/TrackstatChannel.lisp)
Cleaning: (/home/agbot/agbot_deploy/devel/.private/novatel_gps_msgs/share/common-lisp/ros/novatel_gps_msgs/msg/_package_NovatelExtendedSolutionStatus.lisp, /home/agbot/agbot_deploy/devel/share/common-lisp/ros/novatel_gps_msgs/msg/_package_NovatelExtendedSolutionStatus.lisp)
Cleaning: (/home/agbot/agbot_deploy/devel/.private/novatel_gps_msgs/share/common-lisp/ros/novatel_gps_msgs/msg/Inscov.lisp, /home/agbot/agbot_deploy/devel/share/common-lisp/ros/novatel_gps_msgs/msg/Inscov.lisp)
Cleaning: (/home/agbot/agbot_deploy/devel/.private/novatel_gps_msgs/share/common-lisp/ros/novatel_gps_msgs/msg/_package_Range.lisp, /home/agbot/agbot_deploy/devel/share/common-lisp/ros/novatel_gps_msgs/msg/_package_Range.lisp)
Cleaning: (/home/agbot/agbot_deploy/devel/.private/novatel_gps_msgs/share/common-lisp/ros/novatel_gps_msgs/msg/Range.lisp, /home/agbot/agbot_deploy/devel/share/common-lisp/ros/novatel_gps_msgs/msg/Range.lisp)
Cleaning: (/home/agbot/agbot_deploy/devel/.private/novatel_gps_msgs/share/common-lisp/ros/novatel_gps_msgs/msg/_package_Gpgsa.lisp, /home/agbot/agbot_deploy/devel/share/common-lisp/ros/novatel_gps_msgs/msg/_package_Gpgsa.lisp)
Cleaning: (/home/agbot/agbot_deploy/devel/.private/novatel_gps_msgs/share/common-lisp/ros/novatel_gps_msgs/msg/NovatelSignalMask.lisp, /home/agbot/agbot_deploy/devel/share/common-lisp/ros/novatel_gps_msgs/msg/NovatelSignalMask.lisp)
Cleaning: (/home/agbot/agbot_deploy/devel/.private/novatel_gps_msgs/share/common-lisp/ros/novatel_gps_msgs/msg/Inspva.lisp, /home/agbot/agbot_deploy/devel/share/common-lisp/ros/novatel_gps_msgs/msg/Inspva.lisp)
Cleaning: (/home/agbot/agbot_deploy/devel/.private/novatel_gps_msgs/share/common-lisp/ros/novatel_gps_msgs/msg/_package_TrackstatChannel.lisp, /home/agbot/agbot_deploy/devel/share/common-lisp/ros/novatel_gps_msgs/msg/_package_TrackstatChannel.lisp)
Cleaning: (/home/agbot/agbot_deploy/devel/.private/novatel_gps_msgs/share/common-lisp/ros/novatel_gps_msgs/msg/_package_Gpgga.lisp, /home/agbot/agbot_deploy/devel/share/common-lisp/ros/novatel_gps_msgs/msg/_package_Gpgga.lisp)
Cleaning: (/home/agbot/agbot_deploy/devel/.private/novatel_gps_msgs/share/common-lisp/ros/novatel_gps_msgs/msg/_package_Gpgsv.lisp, /home/agbot/agbot_deploy/devel/share/common-lisp/ros/novatel_gps_msgs/msg/_package_Gpgsv.lisp)
Cleaning: (/home/agbot/agbot_deploy/devel/.private/novatel_gps_msgs/share/common-lisp/ros/novatel_gps_msgs/msg/_package_Inscov.lisp, /home/agbot/agbot_deploy/devel/share/common-lisp/ros/novatel_gps_msgs/msg/_package_Inscov.lisp)
Cleaning: (/home/agbot/agbot_deploy/devel/.private/novatel_gps_msgs/share/common-lisp/ros/novatel_gps_msgs/msg/novatel_gps_msgs-msg.asd, /home/agbot/agbot_deploy/devel/share/common-lisp/ros/novatel_gps_msgs/msg/novatel_gps_msgs-msg.asd)
Cleaning: (/home/agbot/agbot_deploy/devel/.private/novatel_gps_msgs/share/common-lisp/ros/novatel_gps_msgs/msg/Insstdev.lisp, /home/agbot/agbot_deploy/devel/share/common-lisp/ros/novatel_gps_msgs/msg/Insstdev.lisp)
Cleaning: (/home/agbot/agbot_deploy/devel/.private/novatel_gps_msgs/share/common-lisp/ros/novatel_gps_msgs/msg/Gprmc.lisp, /home/agbot/agbot_deploy/devel/share/common-lisp/ros/novatel_gps_msgs/msg/Gprmc.lisp)
Cleaning: (/home/agbot/agbot_deploy/devel/.private/novatel_gps_msgs/share/common-lisp/ros/novatel_gps_msgs/msg/_package_NovatelVelocity.lisp, /home/agbot/agbot_deploy/devel/share/common-lisp/ros/novatel_gps_msgs/msg/_package_NovatelVelocity.lisp)
Cleaning: (/home/agbot/agbot_deploy/devel/.private/novatel_gps_msgs/share/common-lisp/ros/novatel_gps_msgs/msg/_package_NovatelSignalMask.lisp, /home/agbot/agbot_deploy/devel/share/common-lisp/ros/novatel_gps_msgs/msg/_package_NovatelSignalMask.lisp)
Cleaning: (/home/agbot/agbot_deploy/devel/.private/novatel_gps_msgs/share/common-lisp/ros/novatel_gps_msgs/msg/_package_Trackstat.lisp, /home/agbot/agbot_deploy/devel/share/common-lisp/ros/novatel_gps_msgs/msg/_package_Trackstat.lisp)
Cleaning: (/home/agbot/agbot_deploy/devel/.private/novatel_gps_msgs/share/common-lisp/ros/novatel_gps_msgs/msg/_package_NovatelCorrectedImuData.lisp, /home/agbot/agbot_deploy/devel/share/common-lisp/ros/novatel_gps_msgs/msg/_package_NovatelCorrectedImuData.lisp)
Cleaning: (/home/agbot/agbot_deploy/devel/.private/novatel_gps_msgs/share/common-lisp/ros/novatel_gps_msgs/msg/Gpgsv.lisp, /home/agbot/agbot_deploy/devel/share/common-lisp/ros/novatel_gps_msgs/msg/Gpgsv.lisp)
Cleaning: (/home/agbot/agbot_deploy/devel/.private/novatel_gps_msgs/share/common-lisp/ros/novatel_gps_msgs/msg/Time.lisp, /home/agbot/agbot_deploy/devel/share/common-lisp/ros/novatel_gps_msgs/msg/Time.lisp)
Cleaning: (/home/agbot/agbot_deploy/devel/.private/novatel_gps_msgs/share/common-lisp/ros/novatel_gps_msgs/msg/_package.lisp, /home/agbot/agbot_deploy/devel/share/common-lisp/ros/novatel_gps_msgs/msg/_package.lisp)
Cleaning: (/home/agbot/agbot_deploy/devel/.private/novatel_gps_msgs/share/common-lisp/ros/novatel_gps_msgs/msg/_package_NovatelReceiverStatus.lisp, /home/agbot/agbot_deploy/devel/share/common-lisp/ros/novatel_gps_msgs/msg/_package_NovatelReceiverStatus.lisp)
Cleaning: (/home/agbot/agbot_deploy/devel/.private/novatel_gps_msgs/share/common-lisp/ros/novatel_gps_msgs/msg/_package_Gprmc.lisp, /home/agbot/agbot_deploy/devel/share/common-lisp/ros/novatel_gps_msgs/msg/_package_Gprmc.lisp)
Cleaning: (/home/agbot/agbot_deploy/devel/.private/novatel_gps_msgs/share/common-lisp/ros/novatel_gps_msgs/msg/NovatelPosition.lisp, /home/agbot/agbot_deploy/devel/share/common-lisp/ros/novatel_gps_msgs/msg/NovatelPosition.lisp)
Cleaning: (/home/agbot/agbot_deploy/devel/.private/novatel_gps_msgs/share/common-lisp/ros/novatel_gps_msgs/msg/_package_Satellite.lisp, /home/agbot/agbot_deploy/devel/share/common-lisp/ros/novatel_gps_msgs/msg/_package_Satellite.lisp)
Cleaning: (/home/agbot/agbot_deploy/devel/.private/novatel_gps_msgs/share/common-lisp/ros/novatel_gps_msgs/msg/_package_NovatelMessageHeader.lisp, /home/agbot/agbot_deploy/devel/share/common-lisp/ros/novatel_gps_msgs/msg/_package_NovatelMessageHeader.lisp)
Cleaning: (/home/agbot/agbot_deploy/devel/.private/novatel_gps_msgs/share/common-lisp/ros/novatel_gps_msgs/msg/NovatelCorrectedImuData.lisp, /home/agbot/agbot_deploy/devel/share/common-lisp/ros/novatel_gps_msgs/msg/NovatelCorrectedImuData.lisp)
Cleaning: (/home/agbot/agbot_deploy/devel/.private/novatel_gps_msgs/share/common-lisp/ros/novatel_gps_msgs/msg/Trackstat.lisp, /home/agbot/agbot_deploy/devel/share/common-lisp/ros/novatel_gps_msgs/msg/Trackstat.lisp)
Cleaning: (/home/agbot/agbot_deploy/devel/.private/novatel_gps_msgs/share/common-lisp/ros/novatel_gps_msgs/msg/NovatelExtendedSolutionStatus.lisp, /home/agbot/agbot_deploy/devel/share/common-lisp/ros/novatel_gps_msgs/msg/NovatelExtendedSolutionStatus.lisp)
Cleaning: (/home/agbot/agbot_deploy/devel/.private/novatel_gps_msgs/share/common-lisp/ros/novatel_gps_msgs/msg/_package_Inspva.lisp, /home/agbot/agbot_deploy/devel/share/common-lisp/ros/novatel_gps_msgs/msg/_package_Inspva.lisp)
Cleaning: (/home/agbot/agbot_deploy/devel/.private/novatel_gps_msgs/share/common-lisp/ros/novatel_gps_msgs/msg/NovatelReceiverStatus.lisp, /home/agbot/agbot_deploy/devel/share/common-lisp/ros/novatel_gps_msgs/msg/NovatelReceiverStatus.lisp)
Cleaning: (/home/agbot/agbot_deploy/devel/.private/novatel_gps_msgs/share/common-lisp/ros/novatel_gps_msgs/msg/Gpgsa.lisp, /home/agbot/agbot_deploy/devel/share/common-lisp/ros/novatel_gps_msgs/msg/Gpgsa.lisp)
Cleaning: (/home/agbot/agbot_deploy/devel/.private/novatel_gps_msgs/share/common-lisp/ros/novatel_gps_msgs/srv/_package_NovatelFRESET.lisp, /home/agbot/agbot_deploy/devel/share/common-lisp/ros/novatel_gps_msgs/srv/_package_NovatelFRESET.lisp)
Cleaning: (/home/agbot/agbot_deploy/devel/.private/novatel_gps_msgs/share/common-lisp/ros/novatel_gps_msgs/srv/NovatelFRESET.lisp, /home/agbot/agbot_deploy/devel/share/common-lisp/ros/novatel_gps_msgs/srv/NovatelFRESET.lisp)
Cleaning: (/home/agbot/agbot_deploy/devel/.private/novatel_gps_msgs/share/common-lisp/ros/novatel_gps_msgs/srv/_package.lisp, /home/agbot/agbot_deploy/devel/share/common-lisp/ros/novatel_gps_msgs/srv/_package.lisp)
Cleaning: (/home/agbot/agbot_deploy/devel/.private/novatel_gps_msgs/share/common-lisp/ros/novatel_gps_msgs/srv/novatel_gps_msgs-srv.asd, /home/agbot/agbot_deploy/devel/share/common-lisp/ros/novatel_gps_msgs/srv/novatel_gps_msgs-srv.asd)
Unlinking: /home/agbot/agbot_deploy/devel/include/novatel_gps_msgs/NovatelReceiverStatus.h
Already unlinked: {}
Unlinking: /home/agbot/agbot_deploy/devel/include/novatel_gps_msgs/Gprmc.h
Already unlinked: {}
Unlinking: /home/agbot/agbot_deploy/devel/include/novatel_gps_msgs/NovatelFRESETResponse.h
Already unlinked: {}
Unlinking: /home/agbot/agbot_deploy/devel/include/novatel_gps_msgs/NovatelExtendedSolutionStatus.h
Already unlinked: {}
Unlinking: /home/agbot/agbot_deploy/devel/include/novatel_gps_msgs/Insstdev.h
Already unlinked: {}
Unlinking: /home/agbot/agbot_deploy/devel/include/novatel_gps_msgs/Satellite.h
Already unlinked: {}
Unlinking: /home/agbot/agbot_deploy/devel/include/novatel_gps_msgs/Inscov.h
Already unlinked: {}
Unlinking: /home/agbot/agbot_deploy/devel/include/novatel_gps_msgs/NovatelVelocity.h
Already unlinked: {}
Unlinking: /home/agbot/agbot_deploy/devel/include/novatel_gps_msgs/NovatelMessageHeader.h
Already unlinked: {}
Unlinking: /home/agbot/agbot_deploy/devel/include/novatel_gps_msgs/NovatelPosition.h
Already unlinked: {}
Unlinking: /home/agbot/agbot_deploy/devel/include/novatel_gps_msgs/Inspva.h
Already unlinked: {}
Unlinking: /home/agbot/agbot_deploy/devel/include/novatel_gps_msgs/Gpgsv.h
Already unlinked: {}
Unlinking: /home/agbot/agbot_deploy/devel/include/novatel_gps_msgs/TrackstatChannel.h
Already unlinked: {}
Unlinking: /home/agbot/agbot_deploy/devel/include/novatel_gps_msgs/Range.h
Already unlinked: {}
Unlinking: /home/agbot/agbot_deploy/devel/include/novatel_gps_msgs/Gpgsa.h
Already unlinked: {}
Unlinking: /home/agbot/agbot_deploy/devel/include/novatel_gps_msgs/Trackstat.h
Already unlinked: {}
Unlinking: /home/agbot/agbot_deploy/devel/include/novatel_gps_msgs/NovatelCorrectedImuData.h
Already unlinked: {}
Unlinking: /home/agbot/agbot_deploy/devel/include/novatel_gps_msgs/NovatelSignalMask.h
Already unlinked: {}
Unlinking: /home/agbot/agbot_deploy/devel/include/novatel_gps_msgs/Time.h
Already unlinked: {}
Unlinking: /home/agbot/agbot_deploy/devel/include/novatel_gps_msgs/Gpgga.h
Already unlinked: {}
Unlinking: /home/agbot/agbot_deploy/devel/include/novatel_gps_msgs/NovatelFRESET.h
Already unlinked: {}
Unlinking: /home/agbot/agbot_deploy/devel/include/novatel_gps_msgs/NovatelFRESETRequest.h
Already unlinked: {}
Unlinking: /home/agbot/agbot_deploy/devel/include/novatel_gps_msgs/RangeInformation.h
Already unlinked: {}
Unlinking: /home/agbot/agbot_deploy/devel/lib/pkgconfig/novatel_gps_msgs.pc
Already unlinked: {}
Unlinking: /home/agbot/agbot_deploy/devel/lib/python2.7/dist-packages/novatel_gps_msgs/__init__.py
Already unlinked: {}
Unlinking: /home/agbot/agbot_deploy/devel/lib/python2.7/dist-packages/novatel_gps_msgs/msg/_NovatelSignalMask.py
Already unlinked: {}
Unlinking: /home/agbot/agbot_deploy/devel/lib/python2.7/dist-packages/novatel_gps_msgs/msg/_NovatelPosition.py
Already unlinked: {}
Unlinking: /home/agbot/agbot_deploy/devel/lib/python2.7/dist-packages/novatel_gps_msgs/msg/_NovatelMessageHeader.py
Already unlinked: {}
Unlinking: /home/agbot/agbot_deploy/devel/lib/python2.7/dist-packages/novatel_gps_msgs/msg/_Trackstat.py
Already unlinked: {}
Unlinking: /home/agbot/agbot_deploy/devel/lib/python2.7/dist-packages/novatel_gps_msgs/msg/_RangeInformation.py
Already unlinked: {}
Unlinking: /home/agbot/agbot_deploy/devel/lib/python2.7/dist-packages/novatel_gps_msgs/msg/_TrackstatChannel.py
Already unlinked: {}
Unlinking: /home/agbot/agbot_deploy/devel/lib/python2.7/dist-packages/novatel_gps_msgs/msg/_Satellite.py
Already unlinked: {}
Unlinking: /home/agbot/agbot_deploy/devel/lib/python2.7/dist-packages/novatel_gps_msgs/msg/_Gpgga.py
Already unlinked: {}
Unlinking: /home/agbot/agbot_deploy/devel/lib/python2.7/dist-packages/novatel_gps_msgs/msg/_NovatelVelocity.py
Already unlinked: {}
Unlinking: /home/agbot/agbot_deploy/devel/lib/python2.7/dist-packages/novatel_gps_msgs/msg/_Gprmc.py
Already unlinked: {}
Unlinking: /home/agbot/agbot_deploy/devel/lib/python2.7/dist-packages/novatel_gps_msgs/msg/_Gpgsv.py
Already unlinked: {}
Unlinking: /home/agbot/agbot_deploy/devel/lib/python2.7/dist-packages/novatel_gps_msgs/msg/_NovatelExtendedSolutionStatus.py
Already unlinked: {}
Unlinking: /home/agbot/agbot_deploy/devel/lib/python2.7/dist-packages/novatel_gps_msgs/msg/_NovatelCorrectedImuData.py
Already unlinked: {}
Unlinking: /home/agbot/agbot_deploy/devel/lib/python2.7/dist-packages/novatel_gps_msgs/msg/_Gpgsa.py
Already unlinked: {}
Unlinking: /home/agbot/agbot_deploy/devel/lib/python2.7/dist-packages/novatel_gps_msgs/msg/_Inscov.py
Already unlinked: {}
Unlinking: /home/agbot/agbot_deploy/devel/lib/python2.7/dist-packages/novatel_gps_msgs/msg/_Inspva.py
Already unlinked: {}
Unlinking: /home/agbot/agbot_deploy/devel/lib/python2.7/dist-packages/novatel_gps_msgs/msg/__init__.py
Already unlinked: {}
Unlinking: /home/agbot/agbot_deploy/devel/lib/python2.7/dist-packages/novatel_gps_msgs/msg/_Insstdev.py
Already unlinked: {}
Unlinking: /home/agbot/agbot_deploy/devel/lib/python2.7/dist-packages/novatel_gps_msgs/msg/_Range.py
Already unlinked: {}
Unlinking: /home/agbot/agbot_deploy/devel/lib/python2.7/dist-packages/novatel_gps_msgs/msg/_Time.py
Already unlinked: {}
Unlinking: /home/agbot/agbot_deploy/devel/lib/python2.7/dist-packages/novatel_gps_msgs/msg/_NovatelReceiverStatus.py
Already unlinked: {}
Unlinking: /home/agbot/agbot_deploy/devel/lib/python2.7/dist-packages/novatel_gps_msgs/srv/_NovatelFRESET.py
Already unlinked: {}
Unlinking: /home/agbot/agbot_deploy/devel/lib/python2.7/dist-packages/novatel_gps_msgs/srv/__init__.py
Already unlinked: {}
Unlinking: /home/agbot/agbot_deploy/devel/share/roseus/ros/novatel_gps_msgs/manifest.l
Already unlinked: {}
Unlinking: /home/agbot/agbot_deploy/devel/share/roseus/ros/novatel_gps_msgs/msg/NovatelPosition.l
Already unlinked: {}
Unlinking: /home/agbot/agbot_deploy/devel/share/roseus/ros/novatel_gps_msgs/msg/Satellite.l
Already unlinked: {}
Unlinking: /home/agbot/agbot_deploy/devel/share/roseus/ros/novatel_gps_msgs/msg/Gpgsv.l
Already unlinked: {}
Unlinking: /home/agbot/agbot_deploy/devel/share/roseus/ros/novatel_gps_msgs/msg/NovatelSignalMask.l
Already unlinked: {}
Unlinking: /home/agbot/agbot_deploy/devel/share/roseus/ros/novatel_gps_msgs/msg/Inspva.l
Already unlinked: {}
Unlinking: /home/agbot/agbot_deploy/devel/share/roseus/ros/novatel_gps_msgs/msg/NovatelCorrectedImuData.l
Already unlinked: {}
Unlinking: /home/agbot/agbot_deploy/devel/share/roseus/ros/novatel_gps_msgs/msg/Range.l
Already unlinked: {}
Unlinking: /home/agbot/agbot_deploy/devel/share/roseus/ros/novatel_gps_msgs/msg/Gpgga.l
Already unlinked: {}
Unlinking: /home/agbot/agbot_deploy/devel/share/roseus/ros/novatel_gps_msgs/msg/NovatelMessageHeader.l
Already unlinked: {}
Unlinking: /home/agbot/agbot_deploy/devel/share/roseus/ros/novatel_gps_msgs/msg/NovatelExtendedSolutionStatus.l
Already unlinked: {}
Unlinking: /home/agbot/agbot_deploy/devel/share/roseus/ros/novatel_gps_msgs/msg/Gpgsa.l
Already unlinked: {}
Unlinking: /home/agbot/agbot_deploy/devel/share/roseus/ros/novatel_gps_msgs/msg/NovatelVelocity.l
Already unlinked: {}
Unlinking: /home/agbot/agbot_deploy/devel/share/roseus/ros/novatel_gps_msgs/msg/Gprmc.l
Already unlinked: {}
Unlinking: /home/agbot/agbot_deploy/devel/share/roseus/ros/novatel_gps_msgs/msg/NovatelReceiverStatus.l
Already unlinked: {}
Unlinking: /home/agbot/agbot_deploy/devel/share/roseus/ros/novatel_gps_msgs/msg/TrackstatChannel.l
Already unlinked: {}
Unlinking: /home/agbot/agbot_deploy/devel/share/roseus/ros/novatel_gps_msgs/msg/Trackstat.l
Already unlinked: {}
Unlinking: /home/agbot/agbot_deploy/devel/share/roseus/ros/novatel_gps_msgs/msg/Time.l
Already unlinked: {}
Unlinking: /home/agbot/agbot_deploy/devel/share/roseus/ros/novatel_gps_msgs/msg/Inscov.l
Already unlinked: {}
Unlinking: /home/agbot/agbot_deploy/devel/share/roseus/ros/novatel_gps_msgs/msg/RangeInformation.l
Already unlinked: {}
Unlinking: /home/agbot/agbot_deploy/devel/share/roseus/ros/novatel_gps_msgs/msg/Insstdev.l
Already unlinked: {}
Unlinking: /home/agbot/agbot_deploy/devel/share/roseus/ros/novatel_gps_msgs/srv/NovatelFRESET.l
Already unlinked: {}
Unlinking: /home/agbot/agbot_deploy/devel/share/novatel_gps_msgs/cmake/novatel_gps_msgsConfig.cmake
Already unlinked: {}
Unlinking: /home/agbot/agbot_deploy/devel/share/novatel_gps_msgs/cmake/novatel_gps_msgsConfig-version.cmake
Already unlinked: {}
Unlinking: /home/agbot/agbot_deploy/devel/share/novatel_gps_msgs/cmake/novatel_gps_msgs-msg-paths.cmake
Already unlinked: {}
Unlinking: /home/agbot/agbot_deploy/devel/share/novatel_gps_msgs/cmake/novatel_gps_msgs-msg-extras.cmake
Already unlinked: {}
Unlinking: /home/agbot/agbot_deploy/devel/share/gennodejs/ros/novatel_gps_msgs/_index.js
Already unlinked: {}
Unlinking: /home/agbot/agbot_deploy/devel/share/gennodejs/ros/novatel_gps_msgs/msg/NovatelSignalMask.js
Already unlinked: {}
Unlinking: /home/agbot/agbot_deploy/devel/share/gennodejs/ros/novatel_gps_msgs/msg/Gprmc.js
Already unlinked: {}
Unlinking: /home/agbot/agbot_deploy/devel/share/gennodejs/ros/novatel_gps_msgs/msg/NovatelExtendedSolutionStatus.js
Already unlinked: {}
Unlinking: /home/agbot/agbot_deploy/devel/share/gennodejs/ros/novatel_gps_msgs/msg/Range.js
Already unlinked: {}
Unlinking: /home/agbot/agbot_deploy/devel/share/gennodejs/ros/novatel_gps_msgs/msg/NovatelVelocity.js
Already unlinked: {}
Unlinking: /home/agbot/agbot_deploy/devel/share/gennodejs/ros/novatel_gps_msgs/msg/NovatelPosition.js
Already unlinked: {}
Unlinking: /home/agbot/agbot_deploy/devel/share/gennodejs/ros/novatel_gps_msgs/msg/Trackstat.js
Already unlinked: {}
Unlinking: /home/agbot/agbot_deploy/devel/share/gennodejs/ros/novatel_gps_msgs/msg/_index.js
Already unlinked: {}
Unlinking: /home/agbot/agbot_deploy/devel/share/gennodejs/ros/novatel_gps_msgs/msg/Time.js
Already unlinked: {}
Unlinking: /home/agbot/agbot_deploy/devel/share/gennodejs/ros/novatel_gps_msgs/msg/TrackstatChannel.js
Already unlinked: {}
Unlinking: /home/agbot/agbot_deploy/devel/share/gennodejs/ros/novatel_gps_msgs/msg/RangeInformation.js
Already unlinked: {}
Unlinking: /home/agbot/agbot_deploy/devel/share/gennodejs/ros/novatel_gps_msgs/msg/Gpgsa.js
Already unlinked: {}
Unlinking: /home/agbot/agbot_deploy/devel/share/gennodejs/ros/novatel_gps_msgs/msg/NovatelCorrectedImuData.js
Already unlinked: {}
Unlinking: /home/agbot/agbot_deploy/devel/share/gennodejs/ros/novatel_gps_msgs/msg/Satellite.js
Already unlinked: {}
Unlinking: /home/agbot/agbot_deploy/devel/share/gennodejs/ros/novatel_gps_msgs/msg/Gpgga.js
Already unlinked: {}
Unlinking: /home/agbot/agbot_deploy/devel/share/gennodejs/ros/novatel_gps_msgs/msg/NovatelReceiverStatus.js
Already unlinked: {}
Unlinking: /home/agbot/agbot_deploy/devel/share/gennodejs/ros/novatel_gps_msgs/msg/Insstdev.js
Already unlinked: {}
Unlinking: /home/agbot/agbot_deploy/devel/share/gennodejs/ros/novatel_gps_msgs/msg/NovatelMessageHeader.js
Already unlinked: {}
Unlinking: /home/agbot/agbot_deploy/devel/share/gennodejs/ros/novatel_gps_msgs/msg/Inspva.js
Already unlinked: {}
Unlinking: /home/agbot/agbot_deploy/devel/share/gennodejs/ros/novatel_gps_msgs/msg/Inscov.js
Already unlinked: {}
Unlinking: /home/agbot/agbot_deploy/devel/share/gennodejs/ros/novatel_gps_msgs/msg/Gpgsv.js
Already unlinked: {}
Unlinking: /home/agbot/agbot_deploy/devel/share/gennodejs/ros/novatel_gps_msgs/srv/_index.js
Already unlinked: {}
Unlinking: /home/agbot/agbot_deploy/devel/share/gennodejs/ros/novatel_gps_msgs/srv/NovatelFRESET.js
Already unlinked: {}
Unlinking: /home/agbot/agbot_deploy/devel/share/common-lisp/ros/novatel_gps_msgs/msg/_package_NovatelPosition.lisp
Already unlinked: {}
Unlinking: /home/agbot/agbot_deploy/devel/share/common-lisp/ros/novatel_gps_msgs/msg/Gpgga.lisp
Already unlinked: {}
Unlinking: /home/agbot/agbot_deploy/devel/share/common-lisp/ros/novatel_gps_msgs/msg/Satellite.lisp
Already unlinked: {}
Unlinking: /home/agbot/agbot_deploy/devel/share/common-lisp/ros/novatel_gps_msgs/msg/NovatelVelocity.lisp
Already unlinked: {}
Unlinking: /home/agbot/agbot_deploy/devel/share/common-lisp/ros/novatel_gps_msgs/msg/_package_Time.lisp
Already unlinked: {}
Unlinking: /home/agbot/agbot_deploy/devel/share/common-lisp/ros/novatel_gps_msgs/msg/_package_Insstdev.lisp
Already unlinked: {}
Unlinking: /home/agbot/agbot_deploy/devel/share/common-lisp/ros/novatel_gps_msgs/msg/_package_RangeInformation.lisp
Already unlinked: {}
Unlinking: /home/agbot/agbot_deploy/devel/share/common-lisp/ros/novatel_gps_msgs/msg/NovatelMessageHeader.lisp
Already unlinked: {}
Unlinking: /home/agbot/agbot_deploy/devel/share/common-lisp/ros/novatel_gps_msgs/msg/RangeInformation.lisp
Already unlinked: {}
Unlinking: /home/agbot/agbot_deploy/devel/share/common-lisp/ros/novatel_gps_msgs/msg/TrackstatChannel.lisp
Already unlinked: {}
Unlinking: /home/agbot/agbot_deploy/devel/share/common-lisp/ros/novatel_gps_msgs/msg/_package_NovatelExtendedSolutionStatus.lisp
Already unlinked: {}
Unlinking: /home/agbot/agbot_deploy/devel/share/common-lisp/ros/novatel_gps_msgs/msg/Inscov.lisp
Already unlinked: {}
Unlinking: /home/agbot/agbot_deploy/devel/share/common-lisp/ros/novatel_gps_msgs/msg/_package_Range.lisp
Already unlinked: {}
Unlinking: /home/agbot/agbot_deploy/devel/share/common-lisp/ros/novatel_gps_msgs/msg/Range.lisp
Already unlinked: {}
Unlinking: /home/agbot/agbot_deploy/devel/share/common-lisp/ros/novatel_gps_msgs/msg/_package_Gpgsa.lisp
Already unlinked: {}
Unlinking: /home/agbot/agbot_deploy/devel/share/common-lisp/ros/novatel_gps_msgs/msg/NovatelSignalMask.lisp
Already unlinked: {}
Unlinking: /home/agbot/agbot_deploy/devel/share/common-lisp/ros/novatel_gps_msgs/msg/Inspva.lisp
Already unlinked: {}
Unlinking: /home/agbot/agbot_deploy/devel/share/common-lisp/ros/novatel_gps_msgs/msg/_package_TrackstatChannel.lisp
Already unlinked: {}
Unlinking: /home/agbot/agbot_deploy/devel/share/common-lisp/ros/novatel_gps_msgs/msg/_package_Gpgga.lisp
Already unlinked: {}
Unlinking: /home/agbot/agbot_deploy/devel/share/common-lisp/ros/novatel_gps_msgs/msg/_package_Gpgsv.lisp
Already unlinked: {}
Unlinking: /home/agbot/agbot_deploy/devel/share/common-lisp/ros/novatel_gps_msgs/msg/_package_Inscov.lisp
Already unlinked: {}
Unlinking: /home/agbot/agbot_deploy/devel/share/common-lisp/ros/novatel_gps_msgs/msg/novatel_gps_msgs-msg.asd
Already unlinked: {}
Unlinking: /home/agbot/agbot_deploy/devel/share/common-lisp/ros/novatel_gps_msgs/msg/Insstdev.lisp
Already unlinked: {}
Unlinking: /home/agbot/agbot_deploy/devel/share/common-lisp/ros/novatel_gps_msgs/msg/Gprmc.lisp
Already unlinked: {}
Unlinking: /home/agbot/agbot_deploy/devel/share/common-lisp/ros/novatel_gps_msgs/msg/_package_NovatelVelocity.lisp
Already unlinked: {}
Unlinking: /home/agbot/agbot_deploy/devel/share/common-lisp/ros/novatel_gps_msgs/msg/_package_NovatelSignalMask.lisp
Already unlinked: {}
Unlinking: /home/agbot/agbot_deploy/devel/share/common-lisp/ros/novatel_gps_msgs/msg/_package_Trackstat.lisp
Already unlinked: {}
Unlinking: /home/agbot/agbot_deploy/devel/share/common-lisp/ros/novatel_gps_msgs/msg/_package_NovatelCorrectedImuData.lisp
Already unlinked: {}
Unlinking: /home/agbot/agbot_deploy/devel/share/common-lisp/ros/novatel_gps_msgs/msg/Gpgsv.lisp
Already unlinked: {}
Unlinking: /home/agbot/agbot_deploy/devel/share/common-lisp/ros/novatel_gps_msgs/msg/Time.lisp
Already unlinked: {}
Unlinking: /home/agbot/agbot_deploy/devel/share/common-lisp/ros/novatel_gps_msgs/msg/_package.lisp
Already unlinked: {}
Unlinking: /home/agbot/agbot_deploy/devel/share/common-lisp/ros/novatel_gps_msgs/msg/_package_NovatelReceiverStatus.lisp
Already unlinked: {}
Unlinking: /home/agbot/agbot_deploy/devel/share/common-lisp/ros/novatel_gps_msgs/msg/_package_Gprmc.lisp
Already unlinked: {}
Unlinking: /home/agbot/agbot_deploy/devel/share/common-lisp/ros/novatel_gps_msgs/msg/NovatelPosition.lisp
Already unlinked: {}
Unlinking: /home/agbot/agbot_deploy/devel/share/common-lisp/ros/novatel_gps_msgs/msg/_package_Satellite.lisp
Already unlinked: {}
Unlinking: /home/agbot/agbot_deploy/devel/share/common-lisp/ros/novatel_gps_msgs/msg/_package_NovatelMessageHeader.lisp
Already unlinked: {}
Unlinking: /home/agbot/agbot_deploy/devel/share/common-lisp/ros/novatel_gps_msgs/msg/NovatelCorrectedImuData.lisp
Already unlinked: {}
Unlinking: /home/agbot/agbot_deploy/devel/share/common-lisp/ros/novatel_gps_msgs/msg/Trackstat.lisp
Already unlinked: {}
Unlinking: /home/agbot/agbot_deploy/devel/share/common-lisp/ros/novatel_gps_msgs/msg/NovatelExtendedSolutionStatus.lisp
Already unlinked: {}
Unlinking: /home/agbot/agbot_deploy/devel/share/common-lisp/ros/novatel_gps_msgs/msg/_package_Inspva.lisp
Already unlinked: {}
Unlinking: /home/agbot/agbot_deploy/devel/share/common-lisp/ros/novatel_gps_msgs/msg/NovatelReceiverStatus.lisp
Already unlinked: {}
Unlinking: /home/agbot/agbot_deploy/devel/share/common-lisp/ros/novatel_gps_msgs/msg/Gpgsa.lisp
Already unlinked: {}
Unlinking: /home/agbot/agbot_deploy/devel/share/common-lisp/ros/novatel_gps_msgs/srv/_package_NovatelFRESET.lisp
Already unlinked: {}
Unlinking: /home/agbot/agbot_deploy/devel/share/common-lisp/ros/novatel_gps_msgs/srv/NovatelFRESET.lisp
Already unlinked: {}
Unlinking: /home/agbot/agbot_deploy/devel/share/common-lisp/ros/novatel_gps_msgs/srv/_package.lisp
Already unlinked: {}
Unlinking: /home/agbot/agbot_deploy/devel/share/common-lisp/ros/novatel_gps_msgs/srv/novatel_gps_msgs-srv.asd
Already unlinked: {}
