[35m[1mScanning dependencies of target _novatel_gps_msgs_generate_messages_check_deps_Inscov[0m
[35m[1mScanning dependencies of target _novatel_gps_msgs_generate_messages_check_deps_NovatelCorrectedImuData[0m
[35m[1mScanning dependencies of target _novatel_gps_msgs_generate_messages_check_deps_Inspva[0m
[35m[1mScanning dependencies of target std_msgs_generate_messages_eus[0m
[35m[1mScanning dependencies of target _novatel_gps_msgs_generate_messages_check_deps_RangeInformation[0m
[35m[1mScanning dependencies of target _novatel_gps_msgs_generate_messages_check_deps_NovatelFRESET[0m
[35m[1mScanning dependencies of target _novatel_gps_msgs_generate_messages_check_deps_TrackstatChannel[0m
[35m[1mScanning dependencies of target _novatel_gps_msgs_generate_messages_check_deps_NovatelVelocity[0m
[35m[1mScanning dependencies of target _novatel_gps_msgs_generate_messages_check_deps_Insstdev[0m
[35m[1mScanning dependencies of target _novatel_gps_msgs_generate_messages_check_deps_NovatelReceiverStatus[0m
[35m[1mScanning dependencies of target _novatel_gps_msgs_generate_messages_check_deps_NovatelSignalMask[0m
[  0%] Built target std_msgs_generate_messages_eus
[35m[1mScanning dependencies of target _novatel_gps_msgs_generate_messages_check_deps_NovatelPosition[0m
[  0%] Built target _novatel_gps_msgs_generate_messages_check_deps_Inscov
[  0%] Built target _novatel_gps_msgs_generate_messages_check_deps_NovatelSignalMask
[  0%] Built target _novatel_gps_msgs_generate_messages_check_deps_TrackstatChannel
[  0%] Built target _novatel_gps_msgs_generate_messages_check_deps_NovatelFRESET
[  0%] Built target _novatel_gps_msgs_generate_messages_check_deps_Inspva
[  0%] Built target _novatel_gps_msgs_generate_messages_check_deps_RangeInformation
[  0%] Built target _novatel_gps_msgs_generate_messages_check_deps_NovatelReceiverStatus
[  0%] Built target _novatel_gps_msgs_generate_messages_check_deps_NovatelCorrectedImuData
[  0%] Built target _novatel_gps_msgs_generate_messages_check_deps_Insstdev
[  0%] Built target _novatel_gps_msgs_generate_messages_check_deps_NovatelVelocity
[35m[1mScanning dependencies of target _novatel_gps_msgs_generate_messages_check_deps_Gprmc[0m
[35m[1mScanning dependencies of target _novatel_gps_msgs_generate_messages_check_deps_Gpgsv[0m
[35m[1mScanning dependencies of target _novatel_gps_msgs_generate_messages_check_deps_Trackstat[0m
[35m[1mScanning dependencies of target _novatel_gps_msgs_generate_messages_check_deps_Gpgsa[0m
[35m[1mScanning dependencies of target _novatel_gps_msgs_generate_messages_check_deps_NovatelExtendedSolutionStatus[0m
[35m[1mScanning dependencies of target _novatel_gps_msgs_generate_messages_check_deps_Range[0m
[35m[1mScanning dependencies of target _novatel_gps_msgs_generate_messages_check_deps_Time[0m
[35m[1mScanning dependencies of target _novatel_gps_msgs_generate_messages_check_deps_Satellite[0m
[35m[1mScanning dependencies of target _novatel_gps_msgs_generate_messages_check_deps_NovatelMessageHeader[0m
[35m[1mScanning dependencies of target _novatel_gps_msgs_generate_messages_check_deps_Gpgga[0m
[  0%] Built target _novatel_gps_msgs_generate_messages_check_deps_NovatelPosition
[35m[1mScanning dependencies of target std_msgs_generate_messages_nodejs[0m
[  0%] Built target std_msgs_generate_messages_nodejs
[  0%] Built target _novatel_gps_msgs_generate_messages_check_deps_Gpgsa
[  0%] Built target _novatel_gps_msgs_generate_messages_check_deps_Trackstat
[  0%] Built target _novatel_gps_msgs_generate_messages_check_deps_Gprmc
[  0%] Built target _novatel_gps_msgs_generate_messages_check_deps_NovatelExtendedSolutionStatus
[  0%] Built target _novatel_gps_msgs_generate_messages_check_deps_Gpgsv
[  0%] Built target _novatel_gps_msgs_generate_messages_check_deps_Satellite
[  0%] Built target _novatel_gps_msgs_generate_messages_check_deps_Time
[  0%] Built target _novatel_gps_msgs_generate_messages_check_deps_NovatelMessageHeader
[  0%] Built target _novatel_gps_msgs_generate_messages_check_deps_Range
[  0%] Built target _novatel_gps_msgs_generate_messages_check_deps_Gpgga
[35m[1mScanning dependencies of target std_msgs_generate_messages_py[0m
[35m[1mScanning dependencies of target std_msgs_generate_messages_cpp[0m
[35m[1mScanning dependencies of target std_msgs_generate_messages_lisp[0m
[35m[1mScanning dependencies of target novatel_gps_msgs_generate_messages_nodejs[0m
[35m[1mScanning dependencies of target novatel_gps_msgs_generate_messages_eus[0m
[  0%] Built target std_msgs_generate_messages_py
[  0%] Built target std_msgs_generate_messages_cpp
[  0%] Built target std_msgs_generate_messages_lisp
[35m[1mScanning dependencies of target novatel_gps_msgs_generate_messages_py[0m
[ 20%] Built target novatel_gps_msgs_generate_messages_eus
[35m[1mScanning dependencies of target novatel_gps_msgs_generate_messages_cpp[0m
[ 39%] Built target novatel_gps_msgs_generate_messages_nodejs
[35m[1mScanning dependencies of target novatel_gps_msgs_generate_messages_lisp[0m
[ 61%] Built target novatel_gps_msgs_generate_messages_py
[ 80%] Built target novatel_gps_msgs_generate_messages_cpp
[100%] Built target novatel_gps_msgs_generate_messages_lisp
[35m[1mScanning dependencies of target novatel_gps_msgs_generate_messages[0m
[100%] Built target novatel_gps_msgs_generate_messages
