Symlinking /home/hongxu/agbot_deploy/devel/include/TCP_command/tcpCommand.h
Symlinking /home/hongxu/agbot_deploy/devel/lib/pkgconfig/TCP_command.pc
Symlinking /home/hongxu/agbot_deploy/devel/lib/python2.7/dist-packages/TCP_command/__init__.py
Symlinking /home/hongxu/agbot_deploy/devel/lib/python2.7/dist-packages/TCP_command/msg/__init__.py
Symlinking /home/hongxu/agbot_deploy/devel/lib/python2.7/dist-packages/TCP_command/msg/_tcpCommand.py
Symlinking /home/hongxu/agbot_deploy/devel/share/roseus/ros/TCP_command/manifest.l
Symlinking /home/hongxu/agbot_deploy/devel/share/roseus/ros/TCP_command/msg/tcpCommand.l
Symlinking /home/hongxu/agbot_deploy/devel/share/gennodejs/ros/TCP_command/_index.js
Symlinking /home/hongxu/agbot_deploy/devel/share/gennodejs/ros/TCP_command/msg/tcpCommand.js
Symlinking /home/hongxu/agbot_deploy/devel/share/gennodejs/ros/TCP_command/msg/_index.js
Symlinking /home/hongxu/agbot_deploy/devel/share/common-lisp/ros/TCP_command/msg/_package_tcpCommand.lisp
Symlinking /home/hongxu/agbot_deploy/devel/share/common-lisp/ros/TCP_command/msg/tcpCommand.lisp
Symlinking /home/hongxu/agbot_deploy/devel/share/common-lisp/ros/TCP_command/msg/TCP_command-msg.asd
Symlinking /home/hongxu/agbot_deploy/devel/share/common-lisp/ros/TCP_command/msg/_package.lisp
Symlinking /home/hongxu/agbot_deploy/devel/share/TCP_command/cmake/TCP_commandConfig-version.cmake
Symlinking /home/hongxu/agbot_deploy/devel/share/TCP_command/cmake/TCP_command-msg-extras.cmake
Symlinking /home/hongxu/agbot_deploy/devel/share/TCP_command/cmake/TCP_commandConfig.cmake
Symlinking /home/hongxu/agbot_deploy/devel/share/TCP_command/cmake/TCP_command-msg-paths.cmake
Cleaning: (/home/agbot/agbot_deploy/devel/.private/TCP_command/include/TCP_command/tcpCommand.h, /home/agbot/agbot_deploy/devel/include/TCP_command/tcpCommand.h)
Cleaning: (/home/agbot/agbot_deploy/devel/.private/TCP_command/lib/pkgconfig/TCP_command.pc, /home/agbot/agbot_deploy/devel/lib/pkgconfig/TCP_command.pc)
Cleaning: (/home/agbot/agbot_deploy/devel/.private/TCP_command/lib/python2.7/dist-packages/TCP_command/__init__.py, /home/agbot/agbot_deploy/devel/lib/python2.7/dist-packages/TCP_command/__init__.py)
Cleaning: (/home/agbot/agbot_deploy/devel/.private/TCP_command/lib/python2.7/dist-packages/TCP_command/msg/__init__.py, /home/agbot/agbot_deploy/devel/lib/python2.7/dist-packages/TCP_command/msg/__init__.py)
Cleaning: (/home/agbot/agbot_deploy/devel/.private/TCP_command/lib/python2.7/dist-packages/TCP_command/msg/_tcpCommand.py, /home/agbot/agbot_deploy/devel/lib/python2.7/dist-packages/TCP_command/msg/_tcpCommand.py)
Cleaning: (/home/agbot/agbot_deploy/devel/.private/TCP_command/share/roseus/ros/TCP_command/manifest.l, /home/agbot/agbot_deploy/devel/share/roseus/ros/TCP_command/manifest.l)
Cleaning: (/home/agbot/agbot_deploy/devel/.private/TCP_command/share/roseus/ros/TCP_command/msg/tcpCommand.l, /home/agbot/agbot_deploy/devel/share/roseus/ros/TCP_command/msg/tcpCommand.l)
Cleaning: (/home/agbot/agbot_deploy/devel/.private/TCP_command/share/TCP_command/cmake/TCP_command-msg-extras.cmake, /home/agbot/agbot_deploy/devel/share/TCP_command/cmake/TCP_command-msg-extras.cmake)
Cleaning: (/home/agbot/agbot_deploy/devel/.private/TCP_command/share/TCP_command/cmake/TCP_commandConfig-version.cmake, /home/agbot/agbot_deploy/devel/share/TCP_command/cmake/TCP_commandConfig-version.cmake)
Cleaning: (/home/agbot/agbot_deploy/devel/.private/TCP_command/share/TCP_command/cmake/TCP_commandConfig.cmake, /home/agbot/agbot_deploy/devel/share/TCP_command/cmake/TCP_commandConfig.cmake)
Cleaning: (/home/agbot/agbot_deploy/devel/.private/TCP_command/share/TCP_command/cmake/TCP_command-msg-paths.cmake, /home/agbot/agbot_deploy/devel/share/TCP_command/cmake/TCP_command-msg-paths.cmake)
Cleaning: (/home/agbot/agbot_deploy/devel/.private/TCP_command/share/gennodejs/ros/TCP_command/_index.js, /home/agbot/agbot_deploy/devel/share/gennodejs/ros/TCP_command/_index.js)
Cleaning: (/home/agbot/agbot_deploy/devel/.private/TCP_command/share/gennodejs/ros/TCP_command/msg/_index.js, /home/agbot/agbot_deploy/devel/share/gennodejs/ros/TCP_command/msg/_index.js)
Cleaning: (/home/agbot/agbot_deploy/devel/.private/TCP_command/share/gennodejs/ros/TCP_command/msg/tcpCommand.js, /home/agbot/agbot_deploy/devel/share/gennodejs/ros/TCP_command/msg/tcpCommand.js)
Cleaning: (/home/agbot/agbot_deploy/devel/.private/TCP_command/share/common-lisp/ros/TCP_command/msg/TCP_command-msg.asd, /home/agbot/agbot_deploy/devel/share/common-lisp/ros/TCP_command/msg/TCP_command-msg.asd)
Cleaning: (/home/agbot/agbot_deploy/devel/.private/TCP_command/share/common-lisp/ros/TCP_command/msg/tcpCommand.lisp, /home/agbot/agbot_deploy/devel/share/common-lisp/ros/TCP_command/msg/tcpCommand.lisp)
Cleaning: (/home/agbot/agbot_deploy/devel/.private/TCP_command/share/common-lisp/ros/TCP_command/msg/_package.lisp, /home/agbot/agbot_deploy/devel/share/common-lisp/ros/TCP_command/msg/_package.lisp)
Cleaning: (/home/agbot/agbot_deploy/devel/.private/TCP_command/share/common-lisp/ros/TCP_command/msg/_package_tcpCommand.lisp, /home/agbot/agbot_deploy/devel/share/common-lisp/ros/TCP_command/msg/_package_tcpCommand.lisp)
Unlinking: /home/agbot/agbot_deploy/devel/include/TCP_command/tcpCommand.h
Already unlinked: {}
Unlinking: /home/agbot/agbot_deploy/devel/lib/pkgconfig/TCP_command.pc
Already unlinked: {}
Unlinking: /home/agbot/agbot_deploy/devel/lib/python2.7/dist-packages/TCP_command/__init__.py
Already unlinked: {}
Unlinking: /home/agbot/agbot_deploy/devel/lib/python2.7/dist-packages/TCP_command/msg/__init__.py
Already unlinked: {}
Unlinking: /home/agbot/agbot_deploy/devel/lib/python2.7/dist-packages/TCP_command/msg/_tcpCommand.py
Already unlinked: {}
Unlinking: /home/agbot/agbot_deploy/devel/share/roseus/ros/TCP_command/manifest.l
Already unlinked: {}
Unlinking: /home/agbot/agbot_deploy/devel/share/roseus/ros/TCP_command/msg/tcpCommand.l
Already unlinked: {}
Unlinking: /home/agbot/agbot_deploy/devel/share/TCP_command/cmake/TCP_command-msg-extras.cmake
Already unlinked: {}
Unlinking: /home/agbot/agbot_deploy/devel/share/TCP_command/cmake/TCP_commandConfig-version.cmake
Already unlinked: {}
Unlinking: /home/agbot/agbot_deploy/devel/share/TCP_command/cmake/TCP_commandConfig.cmake
Already unlinked: {}
Unlinking: /home/agbot/agbot_deploy/devel/share/TCP_command/cmake/TCP_command-msg-paths.cmake
Already unlinked: {}
Unlinking: /home/agbot/agbot_deploy/devel/share/gennodejs/ros/TCP_command/_index.js
Already unlinked: {}
Unlinking: /home/agbot/agbot_deploy/devel/share/gennodejs/ros/TCP_command/msg/_index.js
Already unlinked: {}
Unlinking: /home/agbot/agbot_deploy/devel/share/gennodejs/ros/TCP_command/msg/tcpCommand.js
Already unlinked: {}
Unlinking: /home/agbot/agbot_deploy/devel/share/common-lisp/ros/TCP_command/msg/TCP_command-msg.asd
Already unlinked: {}
Unlinking: /home/agbot/agbot_deploy/devel/share/common-lisp/ros/TCP_command/msg/tcpCommand.lisp
Already unlinked: {}
Unlinking: /home/agbot/agbot_deploy/devel/share/common-lisp/ros/TCP_command/msg/_package.lisp
Already unlinked: {}
Unlinking: /home/agbot/agbot_deploy/devel/share/common-lisp/ros/TCP_command/msg/_package_tcpCommand.lisp
Already unlinked: {}
